The system is: Linux - 4.15.0-64-generic - x86_64
Compiling the C compiler identification source file "CMakeCCompilerId.c" succeeded.
Compiler: /usr/bin/cc 
Build flags: 
Id flags: 

The output was:
0


Compilation of the C compiler identification source "CMakeCCompilerId.c" produced "a.out"

The C compiler identification is GNU, found in "/home/lassegoncz/catkin_ws/build/CMakeFiles/3.5.1/CompilerIdC/a.out"

Compiling the CXX compiler identification source file "CMakeCXXCompilerId.cpp" succeeded.
Compiler: /usr/bin/c++ 
Build flags: 
Id flags: 

The output was:
0


Compilation of the CXX compiler identification source "CMakeCXXCompilerId.cpp" produced "a.out"

The CXX compiler identification is GNU, found in "/home/lassegoncz/catkin_ws/build/CMakeFiles/3.5.1/CompilerIdCXX/a.out"

Determining if the C compiler works passed with the following output:
Change Dir: /home/lassegoncz/catkin_ws/build/CMakeFiles/CMakeTmp

Run Build Command:"/usr/bin/make" "cmTC_065a4/fast"
/usr/bin/make -f CMakeFiles/cmTC_065a4.dir/build.make CMakeFiles/cmTC_065a4.dir/build
make[1]: Entering directory '/home/lassegoncz/catkin_ws/build/CMakeFiles/CMakeTmp'
Building C object CMakeFiles/cmTC_065a4.dir/testCCompiler.c.o
/usr/bin/cc     -o CMakeFiles/cmTC_065a4.dir/testCCompiler.c.o   -c /home/lassegoncz/catkin_ws/build/CMakeFiles/CMakeTmp/testCCompiler.c
Linking C executable cmTC_065a4
/usr/bin/cmake -E cmake_link_script CMakeFiles/cmTC_065a4.dir/link.txt --verbose=1
/usr/bin/cc       CMakeFiles/cmTC_065a4.dir/testCCompiler.c.o  -o cmTC_065a4 -rdynamic 
make[1]: Leaving directory '/home/lassegoncz/catkin_ws/build/CMakeFiles/CMakeTmp'


Detecting C compiler ABI info compiled with the following output:
Change Dir: /home/lassegoncz/catkin_ws/build/CMakeFiles/CMakeTmp

Run Build Command:"/usr/bin/make" "cmTC_35d0b/fast"
/usr/bin/make -f CMakeFiles/cmTC_35d0b.dir/build.make CMakeFiles/cmTC_35d0b.dir/build
make[1]: Entering directory '/home/lassegoncz/catkin_ws/build/CMakeFiles/CMakeTmp'
Building C object CMakeFiles/cmTC_35d0b.dir/CMakeCCompilerABI.c.o
/usr/bin/cc     -o CMakeFiles/cmTC_35d0b.dir/CMakeCCompilerABI.c.o   -c /usr/share/cmake-3.5/Modules/CMakeCCompilerABI.c
Linking C executable cmTC_35d0b
/usr/bin/cmake -E cmake_link_script CMakeFiles/cmTC_35d0b.dir/link.txt --verbose=1
/usr/bin/cc      -v CMakeFiles/cmTC_35d0b.dir/CMakeCCompilerABI.c.o  -o cmTC_35d0b -rdynamic  
Using built-in specs.
COLLECT_GCC=/usr/bin/cc
COLLECT_LTO_WRAPPER=/usr/lib/gcc/x86_64-linux-gnu/5/lto-wrapper
Target: x86_64-linux-gnu
Configured with: ../src/configure -v --with-pkgversion='Ubuntu 5.4.0-6ubuntu1~16.04.11' --with-bugurl=file:///usr/share/doc/gcc-5/README.Bugs --enable-languages=c,ada,c++,java,go,d,fortran,objc,obj-c++ --prefix=/usr --program-suffix=-5 --enable-shared --enable-linker-build-id --libexecdir=/usr/lib --without-included-gettext --enable-threads=posix --libdir=/usr/lib --enable-nls --with-sysroot=/ --enable-clocale=gnu --enable-libstdcxx-debug --enable-libstdcxx-time=yes --with-default-libstdcxx-abi=new --enable-gnu-unique-object --disable-vtable-verify --enable-libmpx --enable-plugin --with-system-zlib --disable-browser-plugin --enable-java-awt=gtk --enable-gtk-cairo --with-java-home=/usr/lib/jvm/java-1.5.0-gcj-5-amd64/jre --enable-java-home --with-jvm-root-dir=/usr/lib/jvm/java-1.5.0-gcj-5-amd64 --with-jvm-jar-dir=/usr/lib/jvm-exports/java-1.5.0-gcj-5-amd64 --with-arch-directory=amd64 --with-ecj-jar=/usr/share/java/eclipse-ecj.jar --enable-objc-gc --enable-multiarch --disable-werror --with-arch-32=i686 --with-abi=m64 --with-multilib-list=m32,m64,mx32 --enable-multilib --with-tune=generic --enable-checking=release --build=x86_64-linux-gnu --host=x86_64-linux-gnu --target=x86_64-linux-gnu
Thread model: posix
gcc version 5.4.0 20160609 (Ubuntu 5.4.0-6ubuntu1~16.04.11) 
COMPILER_PATH=/usr/lib/gcc/x86_64-linux-gnu/5/:/usr/lib/gcc/x86_64-linux-gnu/5/:/usr/lib/gcc/x86_64-linux-gnu/:/usr/lib/gcc/x86_64-linux-gnu/5/:/usr/lib/gcc/x86_64-linux-gnu/
LIBRARY_PATH=/usr/lib/gcc/x86_64-linux-gnu/5/:/usr/lib/gcc/x86_64-linux-gnu/5/../../../x86_64-linux-gnu/:/usr/lib/gcc/x86_64-linux-gnu/5/../../../../lib/:/lib/x86_64-linux-gnu/:/lib/../lib/:/usr/lib/x86_64-linux-gnu/:/usr/lib/../lib/:/usr/lib/gcc/x86_64-linux-gnu/5/../../../:/lib/:/usr/lib/
COLLECT_GCC_OPTIONS='-v' '-o' 'cmTC_35d0b' '-rdynamic' '-mtune=generic' '-march=x86-64'
 /usr/lib/gcc/x86_64-linux-gnu/5/collect2 -plugin /usr/lib/gcc/x86_64-linux-gnu/5/liblto_plugin.so -plugin-opt=/usr/lib/gcc/x86_64-linux-gnu/5/lto-wrapper -plugin-opt=-fresolution=/tmp/cc2qP2Uk.res -plugin-opt=-pass-through=-lgcc -plugin-opt=-pass-through=-lgcc_s -plugin-opt=-pass-through=-lc -plugin-opt=-pass-through=-lgcc -plugin-opt=-pass-through=-lgcc_s --sysroot=/ --build-id --eh-frame-hdr -m elf_x86_64 --hash-style=gnu --as-needed -export-dynamic -dynamic-linker /lib64/ld-linux-x86-64.so.2 -z relro -o cmTC_35d0b /usr/lib/gcc/x86_64-linux-gnu/5/../../../x86_64-linux-gnu/crt1.o /usr/lib/gcc/x86_64-linux-gnu/5/../../../x86_64-linux-gnu/crti.o /usr/lib/gcc/x86_64-linux-gnu/5/crtbegin.o -L/usr/lib/gcc/x86_64-linux-gnu/5 -L/usr/lib/gcc/x86_64-linux-gnu/5/../../../x86_64-linux-gnu -L/usr/lib/gcc/x86_64-linux-gnu/5/../../../../lib -L/lib/x86_64-linux-gnu -L/lib/../lib -L/usr/lib/x86_64-linux-gnu -L/usr/lib/../lib -L/usr/lib/gcc/x86_64-linux-gnu/5/../../.. CMakeFiles/cmTC_35d0b.dir/CMakeCCompilerABI.c.o -lgcc --as-needed -lgcc_s --no-as-needed -lc -lgcc --as-needed -lgcc_s --no-as-needed /usr/lib/gcc/x86_64-linux-gnu/5/crtend.o /usr/lib/gcc/x86_64-linux-gnu/5/../../../x86_64-linux-gnu/crtn.o
make[1]: Leaving directory '/home/lassegoncz/catkin_ws/build/CMakeFiles/CMakeTmp'


Parsed C implicit link information from above output:
  link line regex: [^( *|.*[/\])(ld|([^/\]+-)?ld|collect2)[^/\]*( |$)]
  ignore line: [Change Dir: /home/lassegoncz/catkin_ws/build/CMakeFiles/CMakeTmp]
  ignore line: []
  ignore line: [Run Build Command:"/usr/bin/make" "cmTC_35d0b/fast"]
  ignore line: [/usr/bin/make -f CMakeFiles/cmTC_35d0b.dir/build.make CMakeFiles/cmTC_35d0b.dir/build]
  ignore line: [make[1]: Entering directory '/home/lassegoncz/catkin_ws/build/CMakeFiles/CMakeTmp']
  ignore line: [Building C object CMakeFiles/cmTC_35d0b.dir/CMakeCCompilerABI.c.o]
  ignore line: [/usr/bin/cc     -o CMakeFiles/cmTC_35d0b.dir/CMakeCCompilerABI.c.o   -c /usr/share/cmake-3.5/Modules/CMakeCCompilerABI.c]
  ignore line: [Linking C executable cmTC_35d0b]
  ignore line: [/usr/bin/cmake -E cmake_link_script CMakeFiles/cmTC_35d0b.dir/link.txt --verbose=1]
  ignore line: [/usr/bin/cc      -v CMakeFiles/cmTC_35d0b.dir/CMakeCCompilerABI.c.o  -o cmTC_35d0b -rdynamic  ]
  ignore line: [Using built-in specs.]
  ignore line: [COLLECT_GCC=/usr/bin/cc]
  ignore line: [COLLECT_LTO_WRAPPER=/usr/lib/gcc/x86_64-linux-gnu/5/lto-wrapper]
  ignore line: [Target: x86_64-linux-gnu]
  ignore line: [Configured with: ../src/configure -v --with-pkgversion='Ubuntu 5.4.0-6ubuntu1~16.04.11' --with-bugurl=file:///usr/share/doc/gcc-5/README.Bugs --enable-languages=c,ada,c++,java,go,d,fortran,objc,obj-c++ --prefix=/usr --program-suffix=-5 --enable-shared --enable-linker-build-id --libexecdir=/usr/lib --without-included-gettext --enable-threads=posix --libdir=/usr/lib --enable-nls --with-sysroot=/ --enable-clocale=gnu --enable-libstdcxx-debug --enable-libstdcxx-time=yes --with-default-libstdcxx-abi=new --enable-gnu-unique-object --disable-vtable-verify --enable-libmpx --enable-plugin --with-system-zlib --disable-browser-plugin --enable-java-awt=gtk --enable-gtk-cairo --with-java-home=/usr/lib/jvm/java-1.5.0-gcj-5-amd64/jre --enable-java-home --with-jvm-root-dir=/usr/lib/jvm/java-1.5.0-gcj-5-amd64 --with-jvm-jar-dir=/usr/lib/jvm-exports/java-1.5.0-gcj-5-amd64 --with-arch-directory=amd64 --with-ecj-jar=/usr/share/java/eclipse-ecj.jar --enable-objc-gc --enable-multiarch --disable-werror --with-arch-32=i686 --with-abi=m64 --with-multilib-list=m32,m64,mx32 --enable-multilib --with-tune=generic --enable-checking=release --build=x86_64-linux-gnu --host=x86_64-linux-gnu --target=x86_64-linux-gnu]
  ignore line: [Thread model: posix]
  ignore line: [gcc version 5.4.0 20160609 (Ubuntu 5.4.0-6ubuntu1~16.04.11) ]
  ignore line: [COMPILER_PATH=/usr/lib/gcc/x86_64-linux-gnu/5/:/usr/lib/gcc/x86_64-linux-gnu/5/:/usr/lib/gcc/x86_64-linux-gnu/:/usr/lib/gcc/x86_64-linux-gnu/5/:/usr/lib/gcc/x86_64-linux-gnu/]
  ignore line: [LIBRARY_PATH=/usr/lib/gcc/x86_64-linux-gnu/5/:/usr/lib/gcc/x86_64-linux-gnu/5/../../../x86_64-linux-gnu/:/usr/lib/gcc/x86_64-linux-gnu/5/../../../../lib/:/lib/x86_64-linux-gnu/:/lib/../lib/:/usr/lib/x86_64-linux-gnu/:/usr/lib/../lib/:/usr/lib/gcc/x86_64-linux-gnu/5/../../../:/lib/:/usr/lib/]
  ignore line: [COLLECT_GCC_OPTIONS='-v' '-o' 'cmTC_35d0b' '-rdynamic' '-mtune=generic' '-march=x86-64']
  link line: [ /usr/lib/gcc/x86_64-linux-gnu/5/collect2 -plugin /usr/lib/gcc/x86_64-linux-gnu/5/liblto_plugin.so -plugin-opt=/usr/lib/gcc/x86_64-linux-gnu/5/lto-wrapper -plugin-opt=-fresolution=/tmp/cc2qP2Uk.res -plugin-opt=-pass-through=-lgcc -plugin-opt=-pass-through=-lgcc_s -plugin-opt=-pass-through=-lc -plugin-opt=-pass-through=-lgcc -plugin-opt=-pass-through=-lgcc_s --sysroot=/ --build-id --eh-frame-hdr -m elf_x86_64 --hash-style=gnu --as-needed -export-dynamic -dynamic-linker /lib64/ld-linux-x86-64.so.2 -z relro -o cmTC_35d0b /usr/lib/gcc/x86_64-linux-gnu/5/../../../x86_64-linux-gnu/crt1.o /usr/lib/gcc/x86_64-linux-gnu/5/../../../x86_64-linux-gnu/crti.o /usr/lib/gcc/x86_64-linux-gnu/5/crtbegin.o -L/usr/lib/gcc/x86_64-linux-gnu/5 -L/usr/lib/gcc/x86_64-linux-gnu/5/../../../x86_64-linux-gnu -L/usr/lib/gcc/x86_64-linux-gnu/5/../../../../lib -L/lib/x86_64-linux-gnu -L/lib/../lib -L/usr/lib/x86_64-linux-gnu -L/usr/lib/../lib -L/usr/lib/gcc/x86_64-linux-gnu/5/../../.. CMakeFiles/cmTC_35d0b.dir/CMakeCCompilerABI.c.o -lgcc --as-needed -lgcc_s --no-as-needed -lc -lgcc --as-needed -lgcc_s --no-as-needed /usr/lib/gcc/x86_64-linux-gnu/5/crtend.o /usr/lib/gcc/x86_64-linux-gnu/5/../../../x86_64-linux-gnu/crtn.o]
    arg [/usr/lib/gcc/x86_64-linux-gnu/5/collect2] ==> ignore
    arg [-plugin] ==> ignore
    arg [/usr/lib/gcc/x86_64-linux-gnu/5/liblto_plugin.so] ==> ignore
    arg [-plugin-opt=/usr/lib/gcc/x86_64-linux-gnu/5/lto-wrapper] ==> ignore
    arg [-plugin-opt=-fresolution=/tmp/cc2qP2Uk.res] ==> ignore
    arg [-plugin-opt=-pass-through=-lgcc] ==> ignore
    arg [-plugin-opt=-pass-through=-lgcc_s] ==> ignore
    arg [-plugin-opt=-pass-through=-lc] ==> ignore
    arg [-plugin-opt=-pass-through=-lgcc] ==> ignore
    arg [-plugin-opt=-pass-through=-lgcc_s] ==> ignore
    arg [--sysroot=/] ==> ignore
    arg [--build-id] ==> ignore
    arg [--eh-frame-hdr] ==> ignore
    arg [-m] ==> ignore
    arg [elf_x86_64] ==> ignore
    arg [--hash-style=gnu] ==> ignore
    arg [--as-needed] ==> ignore
    arg [-export-dynamic] ==> ignore
    arg [-dynamic-linker] ==> ignore
    arg [/lib64/ld-linux-x86-64.so.2] ==> ignore
    arg [-zrelro] ==> ignore
    arg [-o] ==> ignore
    arg [cmTC_35d0b] ==> ignore
    arg [/usr/lib/gcc/x86_64-linux-gnu/5/../../../x86_64-linux-gnu/crt1.o] ==> ignore
    arg [/usr/lib/gcc/x86_64-linux-gnu/5/../../../x86_64-linux-gnu/crti.o] ==> ignore
    arg [/usr/lib/gcc/x86_64-linux-gnu/5/crtbegin.o] ==> ignore
    arg [-L/usr/lib/gcc/x86_64-linux-gnu/5] ==> dir [/usr/lib/gcc/x86_64-linux-gnu/5]
    arg [-L/usr/lib/gcc/x86_64-linux-gnu/5/../../../x86_64-linux-gnu] ==> dir [/usr/lib/gcc/x86_64-linux-gnu/5/../../../x86_64-linux-gnu]
    arg [-L/usr/lib/gcc/x86_64-linux-gnu/5/../../../../lib] ==> dir [/usr/lib/gcc/x86_64-linux-gnu/5/../../../../lib]
    arg [-L/lib/x86_64-linux-gnu] ==> dir [/lib/x86_64-linux-gnu]
    arg [-L/lib/../lib] ==> dir [/lib/../lib]
    arg [-L/usr/lib/x86_64-linux-gnu] ==> dir [/usr/lib/x86_64-linux-gnu]
    arg [-L/usr/lib/../lib] ==> dir [/usr/lib/../lib]
    arg [-L/usr/lib/gcc/x86_64-linux-gnu/5/../../..] ==> dir [/usr/lib/gcc/x86_64-linux-gnu/5/../../..]
    arg [CMakeFiles/cmTC_35d0b.dir/CMakeCCompilerABI.c.o] ==> ignore
    arg [-lgcc] ==> lib [gcc]
    arg [--as-needed] ==> ignore
    arg [-lgcc_s] ==> lib [gcc_s]
    arg [--no-as-needed] ==> ignore
    arg [-lc] ==> lib [c]
    arg [-lgcc] ==> lib [gcc]
    arg [--as-needed] ==> ignore
    arg [-lgcc_s] ==> lib [gcc_s]
    arg [--no-as-needed] ==> ignore
    arg [/usr/lib/gcc/x86_64-linux-gnu/5/crtend.o] ==> ignore
    arg [/usr/lib/gcc/x86_64-linux-gnu/5/../../../x86_64-linux-gnu/crtn.o] ==> ignore
  remove lib [gcc]
  remove lib [gcc_s]
  remove lib [gcc]
  remove lib [gcc_s]
  collapse library dir [/usr/lib/gcc/x86_64-linux-gnu/5] ==> [/usr/lib/gcc/x86_64-linux-gnu/5]
  collapse library dir [/usr/lib/gcc/x86_64-linux-gnu/5/../../../x86_64-linux-gnu] ==> [/usr/lib/x86_64-linux-gnu]
  collapse library dir [/usr/lib/gcc/x86_64-linux-gnu/5/../../../../lib] ==> [/usr/lib]
  collapse library dir [/lib/x86_64-linux-gnu] ==> [/lib/x86_64-linux-gnu]
  collapse library dir [/lib/../lib] ==> [/lib]
  collapse library dir [/usr/lib/x86_64-linux-gnu] ==> [/usr/lib/x86_64-linux-gnu]
  collapse library dir [/usr/lib/../lib] ==> [/usr/lib]
  collapse library dir [/usr/lib/gcc/x86_64-linux-gnu/5/../../..] ==> [/usr/lib]
  implicit libs: [c]
  implicit dirs: [/usr/lib/gcc/x86_64-linux-gnu/5;/usr/lib/x86_64-linux-gnu;/usr/lib;/lib/x86_64-linux-gnu;/lib]
  implicit fwks: []




Detecting C [-std=c11] compiler features compiled with the following output:
Change Dir: /home/lassegoncz/catkin_ws/build/CMakeFiles/CMakeTmp

Run Build Command:"/usr/bin/make" "cmTC_89268/fast"
/usr/bin/make -f CMakeFiles/cmTC_89268.dir/build.make CMakeFiles/cmTC_89268.dir/build
make[1]: Entering directory '/home/lassegoncz/catkin_ws/build/CMakeFiles/CMakeTmp'
Building C object CMakeFiles/cmTC_89268.dir/feature_tests.c.o
/usr/bin/cc    -std=c11 -o CMakeFiles/cmTC_89268.dir/feature_tests.c.o   -c /home/lassegoncz/catkin_ws/build/CMakeFiles/feature_tests.c
Linking C executable cmTC_89268
/usr/bin/cmake -E cmake_link_script CMakeFiles/cmTC_89268.dir/link.txt --verbose=1
/usr/bin/cc       CMakeFiles/cmTC_89268.dir/feature_tests.c.o  -o cmTC_89268 -rdynamic 
make[1]: Leaving directory '/home/lassegoncz/catkin_ws/build/CMakeFiles/CMakeTmp'


    Feature record: C_FEATURE:1c_function_prototypes
    Feature record: C_FEATURE:1c_restrict
    Feature record: C_FEATURE:1c_static_assert
    Feature record: C_FEATURE:1c_variadic_macros


Detecting C [-std=c99] compiler features compiled with the following output:
Change Dir: /home/lassegoncz/catkin_ws/build/CMakeFiles/CMakeTmp

Run Build Command:"/usr/bin/make" "cmTC_998aa/fast"
/usr/bin/make -f CMakeFiles/cmTC_998aa.dir/build.make CMakeFiles/cmTC_998aa.dir/build
make[1]: Entering directory '/home/lassegoncz/catkin_ws/build/CMakeFiles/CMakeTmp'
Building C object CMakeFiles/cmTC_998aa.dir/feature_tests.c.o
/usr/bin/cc    -std=c99 -o CMakeFiles/cmTC_998aa.dir/feature_tests.c.o   -c /home/lassegoncz/catkin_ws/build/CMakeFiles/feature_tests.c
Linking C executable cmTC_998aa
/usr/bin/cmake -E cmake_link_script CMakeFiles/cmTC_998aa.dir/link.txt --verbose=1
/usr/bin/cc       CMakeFiles/cmTC_998aa.dir/feature_tests.c.o  -o cmTC_998aa -rdynamic 
make[1]: Leaving directory '/home/lassegoncz/catkin_ws/build/CMakeFiles/CMakeTmp'


    Feature record: C_FEATURE:1c_function_prototypes
    Feature record: C_FEATURE:1c_restrict
    Feature record: C_FEATURE:0c_static_assert
    Feature record: C_FEATURE:1c_variadic_macros


Detecting C [-std=c90] compiler features compiled with the following output:
Change Dir: /home/lassegoncz/catkin_ws/build/CMakeFiles/CMakeTmp

Run Build Command:"/usr/bin/make" "cmTC_59399/fast"
/usr/bin/make -f CMakeFiles/cmTC_59399.dir/build.make CMakeFiles/cmTC_59399.dir/build
make[1]: Entering directory '/home/lassegoncz/catkin_ws/build/CMakeFiles/CMakeTmp'
Building C object CMakeFiles/cmTC_59399.dir/feature_tests.c.o
/usr/bin/cc    -std=c90 -o CMakeFiles/cmTC_59399.dir/feature_tests.c.o   -c /home/lassegoncz/catkin_ws/build/CMakeFiles/feature_tests.c
Linking C executable cmTC_59399
/usr/bin/cmake -E cmake_link_script CMakeFiles/cmTC_59399.dir/link.txt --verbose=1
/usr/bin/cc       CMakeFiles/cmTC_59399.dir/feature_tests.c.o  -o cmTC_59399 -rdynamic 
make[1]: Leaving directory '/home/lassegoncz/catkin_ws/build/CMakeFiles/CMakeTmp'


    Feature record: C_FEATURE:1c_function_prototypes
    Feature record: C_FEATURE:0c_restrict
    Feature record: C_FEATURE:0c_static_assert
    Feature record: C_FEATURE:0c_variadic_macros
Determining if the CXX compiler works passed with the following output:
Change Dir: /home/lassegoncz/catkin_ws/build/CMakeFiles/CMakeTmp

Run Build Command:"/usr/bin/make" "cmTC_5b88f/fast"
/usr/bin/make -f CMakeFiles/cmTC_5b88f.dir/build.make CMakeFiles/cmTC_5b88f.dir/build
make[1]: Entering directory '/home/lassegoncz/catkin_ws/build/CMakeFiles/CMakeTmp'
Building CXX object CMakeFiles/cmTC_5b88f.dir/testCXXCompiler.cxx.o
/usr/bin/c++      -o CMakeFiles/cmTC_5b88f.dir/testCXXCompiler.cxx.o -c /home/lassegoncz/catkin_ws/build/CMakeFiles/CMakeTmp/testCXXCompiler.cxx
Linking CXX executable cmTC_5b88f
/usr/bin/cmake -E cmake_link_script CMakeFiles/cmTC_5b88f.dir/link.txt --verbose=1
/usr/bin/c++        CMakeFiles/cmTC_5b88f.dir/testCXXCompiler.cxx.o  -o cmTC_5b88f -rdynamic 
make[1]: Leaving directory '/home/lassegoncz/catkin_ws/build/CMakeFiles/CMakeTmp'


Detecting CXX compiler ABI info compiled with the following output:
Change Dir: /home/lassegoncz/catkin_ws/build/CMakeFiles/CMakeTmp

Run Build Command:"/usr/bin/make" "cmTC_ef36d/fast"
/usr/bin/make -f CMakeFiles/cmTC_ef36d.dir/build.make CMakeFiles/cmTC_ef36d.dir/build
make[1]: Entering directory '/home/lassegoncz/catkin_ws/build/CMakeFiles/CMakeTmp'
Building CXX object CMakeFiles/cmTC_ef36d.dir/CMakeCXXCompilerABI.cpp.o
/usr/bin/c++      -o CMakeFiles/cmTC_ef36d.dir/CMakeCXXCompilerABI.cpp.o -c /usr/share/cmake-3.5/Modules/CMakeCXXCompilerABI.cpp
Linking CXX executable cmTC_ef36d
/usr/bin/cmake -E cmake_link_script CMakeFiles/cmTC_ef36d.dir/link.txt --verbose=1
/usr/bin/c++       -v CMakeFiles/cmTC_ef36d.dir/CMakeCXXCompilerABI.cpp.o  -o cmTC_ef36d -rdynamic  
Using built-in specs.
COLLECT_GCC=/usr/bin/c++
COLLECT_LTO_WRAPPER=/usr/lib/gcc/x86_64-linux-gnu/5/lto-wrapper
Target: x86_64-linux-gnu
Configured with: ../src/configure -v --with-pkgversion='Ubuntu 5.4.0-6ubuntu1~16.04.11' --with-bugurl=file:///usr/share/doc/gcc-5/README.Bugs --enable-languages=c,ada,c++,java,go,d,fortran,objc,obj-c++ --prefix=/usr --program-suffix=-5 --enable-shared --enable-linker-build-id --libexecdir=/usr/lib --without-included-gettext --enable-threads=posix --libdir=/usr/lib --enable-nls --with-sysroot=/ --enable-clocale=gnu --enable-libstdcxx-debug --enable-libstdcxx-time=yes --with-default-libstdcxx-abi=new --enable-gnu-unique-object --disable-vtable-verify --enable-libmpx --enable-plugin --with-system-zlib --disable-browser-plugin --enable-java-awt=gtk --enable-gtk-cairo --with-java-home=/usr/lib/jvm/java-1.5.0-gcj-5-amd64/jre --enable-java-home --with-jvm-root-dir=/usr/lib/jvm/java-1.5.0-gcj-5-amd64 --with-jvm-jar-dir=/usr/lib/jvm-exports/java-1.5.0-gcj-5-amd64 --with-arch-directory=amd64 --with-ecj-jar=/usr/share/java/eclipse-ecj.jar --enable-objc-gc --enable-multiarch --disable-werror --with-arch-32=i686 --with-abi=m64 --with-multilib-list=m32,m64,mx32 --enable-multilib --with-tune=generic --enable-checking=release --build=x86_64-linux-gnu --host=x86_64-linux-gnu --target=x86_64-linux-gnu
Thread model: posix
gcc version 5.4.0 20160609 (Ubuntu 5.4.0-6ubuntu1~16.04.11) 
COMPILER_PATH=/usr/lib/gcc/x86_64-linux-gnu/5/:/usr/lib/gcc/x86_64-linux-gnu/5/:/usr/lib/gcc/x86_64-linux-gnu/:/usr/lib/gcc/x86_64-linux-gnu/5/:/usr/lib/gcc/x86_64-linux-gnu/
LIBRARY_PATH=/usr/lib/gcc/x86_64-linux-gnu/5/:/usr/lib/gcc/x86_64-linux-gnu/5/../../../x86_64-linux-gnu/:/usr/lib/gcc/x86_64-linux-gnu/5/../../../../lib/:/lib/x86_64-linux-gnu/:/lib/../lib/:/usr/lib/x86_64-linux-gnu/:/usr/lib/../lib/:/usr/lib/gcc/x86_64-linux-gnu/5/../../../:/lib/:/usr/lib/
COLLECT_GCC_OPTIONS='-v' '-o' 'cmTC_ef36d' '-rdynamic' '-shared-libgcc' '-mtune=generic' '-march=x86-64'
 /usr/lib/gcc/x86_64-linux-gnu/5/collect2 -plugin /usr/lib/gcc/x86_64-linux-gnu/5/liblto_plugin.so -plugin-opt=/usr/lib/gcc/x86_64-linux-gnu/5/lto-wrapper -plugin-opt=-fresolution=/tmp/ccXNxaVF.res -plugin-opt=-pass-through=-lgcc_s -plugin-opt=-pass-through=-lgcc -plugin-opt=-pass-through=-lc -plugin-opt=-pass-through=-lgcc_s -plugin-opt=-pass-through=-lgcc --sysroot=/ --build-id --eh-frame-hdr -m elf_x86_64 --hash-style=gnu --as-needed -export-dynamic -dynamic-linker /lib64/ld-linux-x86-64.so.2 -z relro -o cmTC_ef36d /usr/lib/gcc/x86_64-linux-gnu/5/../../../x86_64-linux-gnu/crt1.o /usr/lib/gcc/x86_64-linux-gnu/5/../../../x86_64-linux-gnu/crti.o /usr/lib/gcc/x86_64-linux-gnu/5/crtbegin.o -L/usr/lib/gcc/x86_64-linux-gnu/5 -L/usr/lib/gcc/x86_64-linux-gnu/5/../../../x86_64-linux-gnu -L/usr/lib/gcc/x86_64-linux-gnu/5/../../../../lib -L/lib/x86_64-linux-gnu -L/lib/../lib -L/usr/lib/x86_64-linux-gnu -L/usr/lib/../lib -L/usr/lib/gcc/x86_64-linux-gnu/5/../../.. CMakeFiles/cmTC_ef36d.dir/CMakeCXXCompilerABI.cpp.o -lstdc++ -lm -lgcc_s -lgcc -lc -lgcc_s -lgcc /usr/lib/gcc/x86_64-linux-gnu/5/crtend.o /usr/lib/gcc/x86_64-linux-gnu/5/../../../x86_64-linux-gnu/crtn.o
make[1]: Leaving directory '/home/lassegoncz/catkin_ws/build/CMakeFiles/CMakeTmp'


Parsed CXX implicit link information from above output:
  link line regex: [^( *|.*[/\])(ld|([^/\]+-)?ld|collect2)[^/\]*( |$)]
  ignore line: [Change Dir: /home/lassegoncz/catkin_ws/build/CMakeFiles/CMakeTmp]
  ignore line: []
  ignore line: [Run Build Command:"/usr/bin/make" "cmTC_ef36d/fast"]
  ignore line: [/usr/bin/make -f CMakeFiles/cmTC_ef36d.dir/build.make CMakeFiles/cmTC_ef36d.dir/build]
  ignore line: [make[1]: Entering directory '/home/lassegoncz/catkin_ws/build/CMakeFiles/CMakeTmp']
  ignore line: [Building CXX object CMakeFiles/cmTC_ef36d.dir/CMakeCXXCompilerABI.cpp.o]
  ignore line: [/usr/bin/c++      -o CMakeFiles/cmTC_ef36d.dir/CMakeCXXCompilerABI.cpp.o -c /usr/share/cmake-3.5/Modules/CMakeCXXCompilerABI.cpp]
  ignore line: [Linking CXX executable cmTC_ef36d]
  ignore line: [/usr/bin/cmake -E cmake_link_script CMakeFiles/cmTC_ef36d.dir/link.txt --verbose=1]
  ignore line: [/usr/bin/c++       -v CMakeFiles/cmTC_ef36d.dir/CMakeCXXCompilerABI.cpp.o  -o cmTC_ef36d -rdynamic  ]
  ignore line: [Using built-in specs.]
  ignore line: [COLLECT_GCC=/usr/bin/c++]
  ignore line: [COLLECT_LTO_WRAPPER=/usr/lib/gcc/x86_64-linux-gnu/5/lto-wrapper]
  ignore line: [Target: x86_64-linux-gnu]
  ignore line: [Configured with: ../src/configure -v --with-pkgversion='Ubuntu 5.4.0-6ubuntu1~16.04.11' --with-bugurl=file:///usr/share/doc/gcc-5/README.Bugs --enable-languages=c,ada,c++,java,go,d,fortran,objc,obj-c++ --prefix=/usr --program-suffix=-5 --enable-shared --enable-linker-build-id --libexecdir=/usr/lib --without-included-gettext --enable-threads=posix --libdir=/usr/lib --enable-nls --with-sysroot=/ --enable-clocale=gnu --enable-libstdcxx-debug --enable-libstdcxx-time=yes --with-default-libstdcxx-abi=new --enable-gnu-unique-object --disable-vtable-verify --enable-libmpx --enable-plugin --with-system-zlib --disable-browser-plugin --enable-java-awt=gtk --enable-gtk-cairo --with-java-home=/usr/lib/jvm/java-1.5.0-gcj-5-amd64/jre --enable-java-home --with-jvm-root-dir=/usr/lib/jvm/java-1.5.0-gcj-5-amd64 --with-jvm-jar-dir=/usr/lib/jvm-exports/java-1.5.0-gcj-5-amd64 --with-arch-directory=amd64 --with-ecj-jar=/usr/share/java/eclipse-ecj.jar --enable-objc-gc --enable-multiarch --disable-werror --with-arch-32=i686 --with-abi=m64 --with-multilib-list=m32,m64,mx32 --enable-multilib --with-tune=generic --enable-checking=release --build=x86_64-linux-gnu --host=x86_64-linux-gnu --target=x86_64-linux-gnu]
  ignore line: [Thread model: posix]
  ignore line: [gcc version 5.4.0 20160609 (Ubuntu 5.4.0-6ubuntu1~16.04.11) ]
  ignore line: [COMPILER_PATH=/usr/lib/gcc/x86_64-linux-gnu/5/:/usr/lib/gcc/x86_64-linux-gnu/5/:/usr/lib/gcc/x86_64-linux-gnu/:/usr/lib/gcc/x86_64-linux-gnu/5/:/usr/lib/gcc/x86_64-linux-gnu/]
  ignore line: [LIBRARY_PATH=/usr/lib/gcc/x86_64-linux-gnu/5/:/usr/lib/gcc/x86_64-linux-gnu/5/../../../x86_64-linux-gnu/:/usr/lib/gcc/x86_64-linux-gnu/5/../../../../lib/:/lib/x86_64-linux-gnu/:/lib/../lib/:/usr/lib/x86_64-linux-gnu/:/usr/lib/../lib/:/usr/lib/gcc/x86_64-linux-gnu/5/../../../:/lib/:/usr/lib/]
  ignore line: [COLLECT_GCC_OPTIONS='-v' '-o' 'cmTC_ef36d' '-rdynamic' '-shared-libgcc' '-mtune=generic' '-march=x86-64']
  link line: [ /usr/lib/gcc/x86_64-linux-gnu/5/collect2 -plugin /usr/lib/gcc/x86_64-linux-gnu/5/liblto_plugin.so -plugin-opt=/usr/lib/gcc/x86_64-linux-gnu/5/lto-wrapper -plugin-opt=-fresolution=/tmp/ccXNxaVF.res -plugin-opt=-pass-through=-lgcc_s -plugin-opt=-pass-through=-lgcc -plugin-opt=-pass-through=-lc -plugin-opt=-pass-through=-lgcc_s -plugin-opt=-pass-through=-lgcc --sysroot=/ --build-id --eh-frame-hdr -m elf_x86_64 --hash-style=gnu --as-needed -export-dynamic -dynamic-linker /lib64/ld-linux-x86-64.so.2 -z relro -o cmTC_ef36d /usr/lib/gcc/x86_64-linux-gnu/5/../../../x86_64-linux-gnu/crt1.o /usr/lib/gcc/x86_64-linux-gnu/5/../../../x86_64-linux-gnu/crti.o /usr/lib/gcc/x86_64-linux-gnu/5/crtbegin.o -L/usr/lib/gcc/x86_64-linux-gnu/5 -L/usr/lib/gcc/x86_64-linux-gnu/5/../../../x86_64-linux-gnu -L/usr/lib/gcc/x86_64-linux-gnu/5/../../../../lib -L/lib/x86_64-linux-gnu -L/lib/../lib -L/usr/lib/x86_64-linux-gnu -L/usr/lib/../lib -L/usr/lib/gcc/x86_64-linux-gnu/5/../../.. CMakeFiles/cmTC_ef36d.dir/CMakeCXXCompilerABI.cpp.o -lstdc++ -lm -lgcc_s -lgcc -lc -lgcc_s -lgcc /usr/lib/gcc/x86_64-linux-gnu/5/crtend.o /usr/lib/gcc/x86_64-linux-gnu/5/../../../x86_64-linux-gnu/crtn.o]
    arg [/usr/lib/gcc/x86_64-linux-gnu/5/collect2] ==> ignore
    arg [-plugin] ==> ignore
    arg [/usr/lib/gcc/x86_64-linux-gnu/5/liblto_plugin.so] ==> ignore
    arg [-plugin-opt=/usr/lib/gcc/x86_64-linux-gnu/5/lto-wrapper] ==> ignore
    arg [-plugin-opt=-fresolution=/tmp/ccXNxaVF.res] ==> ignore
    arg [-plugin-opt=-pass-through=-lgcc_s] ==> ignore
    arg [-plugin-opt=-pass-through=-lgcc] ==> ignore
    arg [-plugin-opt=-pass-through=-lc] ==> ignore
    arg [-plugin-opt=-pass-through=-lgcc_s] ==> ignore
    arg [-plugin-opt=-pass-through=-lgcc] ==> ignore
    arg [--sysroot=/] ==> ignore
    arg [--build-id] ==> ignore
    arg [--eh-frame-hdr] ==> ignore
    arg [-m] ==> ignore
    arg [elf_x86_64] ==> ignore
    arg [--hash-style=gnu] ==> ignore
    arg [--as-needed] ==> ignore
    arg [-export-dynamic] ==> ignore
    arg [-dynamic-linker] ==> ignore
    arg [/lib64/ld-linux-x86-64.so.2] ==> ignore
    arg [-zrelro] ==> ignore
    arg [-o] ==> ignore
    arg [cmTC_ef36d] ==> ignore
    arg [/usr/lib/gcc/x86_64-linux-gnu/5/../../../x86_64-linux-gnu/crt1.o] ==> ignore
    arg [/usr/lib/gcc/x86_64-linux-gnu/5/../../../x86_64-linux-gnu/crti.o] ==> ignore
    arg [/usr/lib/gcc/x86_64-linux-gnu/5/crtbegin.o] ==> ignore
    arg [-L/usr/lib/gcc/x86_64-linux-gnu/5] ==> dir [/usr/lib/gcc/x86_64-linux-gnu/5]
    arg [-L/usr/lib/gcc/x86_64-linux-gnu/5/../../../x86_64-linux-gnu] ==> dir [/usr/lib/gcc/x86_64-linux-gnu/5/../../../x86_64-linux-gnu]
    arg [-L/usr/lib/gcc/x86_64-linux-gnu/5/../../../../lib] ==> dir [/usr/lib/gcc/x86_64-linux-gnu/5/../../../../lib]
    arg [-L/lib/x86_64-linux-gnu] ==> dir [/lib/x86_64-linux-gnu]
    arg [-L/lib/../lib] ==> dir [/lib/../lib]
    arg [-L/usr/lib/x86_64-linux-gnu] ==> dir [/usr/lib/x86_64-linux-gnu]
    arg [-L/usr/lib/../lib] ==> dir [/usr/lib/../lib]
    arg [-L/usr/lib/gcc/x86_64-linux-gnu/5/../../..] ==> dir [/usr/lib/gcc/x86_64-linux-gnu/5/../../..]
    arg [CMakeFiles/cmTC_ef36d.dir/CMakeCXXCompilerABI.cpp.o] ==> ignore
    arg [-lstdc++] ==> lib [stdc++]
    arg [-lm] ==> lib [m]
    arg [-lgcc_s] ==> lib [gcc_s]
    arg [-lgcc] ==> lib [gcc]
    arg [-lc] ==> lib [c]
    arg [-lgcc_s] ==> lib [gcc_s]
    arg [-lgcc] ==> lib [gcc]
    arg [/usr/lib/gcc/x86_64-linux-gnu/5/crtend.o] ==> ignore
    arg [/usr/lib/gcc/x86_64-linux-gnu/5/../../../x86_64-linux-gnu/crtn.o] ==> ignore
  remove lib [gcc_s]
  remove lib [gcc]
  remove lib [gcc_s]
  remove lib [gcc]
  collapse library dir [/usr/lib/gcc/x86_64-linux-gnu/5] ==> [/usr/lib/gcc/x86_64-linux-gnu/5]
  collapse library dir [/usr/lib/gcc/x86_64-linux-gnu/5/../../../x86_64-linux-gnu] ==> [/usr/lib/x86_64-linux-gnu]
  collapse library dir [/usr/lib/gcc/x86_64-linux-gnu/5/../../../../lib] ==> [/usr/lib]
  collapse library dir [/lib/x86_64-linux-gnu] ==> [/lib/x86_64-linux-gnu]
  collapse library dir [/lib/../lib] ==> [/lib]
  collapse library dir [/usr/lib/x86_64-linux-gnu] ==> [/usr/lib/x86_64-linux-gnu]
  collapse library dir [/usr/lib/../lib] ==> [/usr/lib]
  collapse library dir [/usr/lib/gcc/x86_64-linux-gnu/5/../../..] ==> [/usr/lib]
  implicit libs: [stdc++;m;c]
  implicit dirs: [/usr/lib/gcc/x86_64-linux-gnu/5;/usr/lib/x86_64-linux-gnu;/usr/lib;/lib/x86_64-linux-gnu;/lib]
  implicit fwks: []




Detecting CXX [-std=c++14] compiler features compiled with the following output:
Change Dir: /home/lassegoncz/catkin_ws/build/CMakeFiles/CMakeTmp

Run Build Command:"/usr/bin/make" "cmTC_05478/fast"
/usr/bin/make -f CMakeFiles/cmTC_05478.dir/build.make CMakeFiles/cmTC_05478.dir/build
make[1]: Entering directory '/home/lassegoncz/catkin_ws/build/CMakeFiles/CMakeTmp'
Building CXX object CMakeFiles/cmTC_05478.dir/feature_tests.cxx.o
/usr/bin/c++     -std=c++14 -o CMakeFiles/cmTC_05478.dir/feature_tests.cxx.o -c /home/lassegoncz/catkin_ws/build/CMakeFiles/feature_tests.cxx
Linking CXX executable cmTC_05478
/usr/bin/cmake -E cmake_link_script CMakeFiles/cmTC_05478.dir/link.txt --verbose=1
/usr/bin/c++        CMakeFiles/cmTC_05478.dir/feature_tests.cxx.o  -o cmTC_05478 -rdynamic 
make[1]: Leaving directory '/home/lassegoncz/catkin_ws/build/CMakeFiles/CMakeTmp'


    Feature record: CXX_FEATURE:1cxx_aggregate_default_initializers
    Feature record: CXX_FEATURE:1cxx_alias_templates
    Feature record: CXX_FEATURE:1cxx_alignas
    Feature record: CXX_FEATURE:1cxx_alignof
    Feature record: CXX_FEATURE:1cxx_attributes
    Feature record: CXX_FEATURE:1cxx_attribute_deprecated
    Feature record: CXX_FEATURE:1cxx_auto_type
    Feature record: CXX_FEATURE:1cxx_binary_literals
    Feature record: CXX_FEATURE:1cxx_constexpr
    Feature record: CXX_FEATURE:1cxx_contextual_conversions
    Feature record: CXX_FEATURE:1cxx_decltype
    Feature record: CXX_FEATURE:1cxx_decltype_auto
    Feature record: CXX_FEATURE:1cxx_decltype_incomplete_return_types
    Feature record: CXX_FEATURE:1cxx_default_function_template_args
    Feature record: CXX_FEATURE:1cxx_defaulted_functions
    Feature record: CXX_FEATURE:1cxx_defaulted_move_initializers
    Feature record: CXX_FEATURE:1cxx_delegating_constructors
    Feature record: CXX_FEATURE:1cxx_deleted_functions
    Feature record: CXX_FEATURE:1cxx_digit_separators
    Feature record: CXX_FEATURE:1cxx_enum_forward_declarations
    Feature record: CXX_FEATURE:1cxx_explicit_conversions
    Feature record: CXX_FEATURE:1cxx_extended_friend_declarations
    Feature record: CXX_FEATURE:1cxx_extern_templates
    Feature record: CXX_FEATURE:1cxx_final
    Feature record: CXX_FEATURE:1cxx_func_identifier
    Feature record: CXX_FEATURE:1cxx_generalized_initializers
    Feature record: CXX_FEATURE:1cxx_generic_lambdas
    Feature record: CXX_FEATURE:1cxx_inheriting_constructors
    Feature record: CXX_FEATURE:1cxx_inline_namespaces
    Feature record: CXX_FEATURE:1cxx_lambdas
    Feature record: CXX_FEATURE:1cxx_lambda_init_captures
    Feature record: CXX_FEATURE:1cxx_local_type_template_args
    Feature record: CXX_FEATURE:1cxx_long_long_type
    Feature record: CXX_FEATURE:1cxx_noexcept
    Feature record: CXX_FEATURE:1cxx_nonstatic_member_init
    Feature record: CXX_FEATURE:1cxx_nullptr
    Feature record: CXX_FEATURE:1cxx_override
    Feature record: CXX_FEATURE:1cxx_range_for
    Feature record: CXX_FEATURE:1cxx_raw_string_literals
    Feature record: CXX_FEATURE:1cxx_reference_qualified_functions
    Feature record: CXX_FEATURE:1cxx_relaxed_constexpr
    Feature record: CXX_FEATURE:1cxx_return_type_deduction
    Feature record: CXX_FEATURE:1cxx_right_angle_brackets
    Feature record: CXX_FEATURE:1cxx_rvalue_references
    Feature record: CXX_FEATURE:1cxx_sizeof_member
    Feature record: CXX_FEATURE:1cxx_static_assert
    Feature record: CXX_FEATURE:1cxx_strong_enums
    Feature record: CXX_FEATURE:1cxx_template_template_parameters
    Feature record: CXX_FEATURE:1cxx_thread_local
    Feature record: CXX_FEATURE:1cxx_trailing_return_types
    Feature record: CXX_FEATURE:1cxx_unicode_literals
    Feature record: CXX_FEATURE:1cxx_uniform_initialization
    Feature record: CXX_FEATURE:1cxx_unrestricted_unions
    Feature record: CXX_FEATURE:1cxx_user_literals
    Feature record: CXX_FEATURE:1cxx_variable_templates
    Feature record: CXX_FEATURE:1cxx_variadic_macros
    Feature record: CXX_FEATURE:1cxx_variadic_templates


Detecting CXX [-std=c++11] compiler features compiled with the following output:
Change Dir: /home/lassegoncz/catkin_ws/build/CMakeFiles/CMakeTmp

Run Build Command:"/usr/bin/make" "cmTC_eadd6/fast"
/usr/bin/make -f CMakeFiles/cmTC_eadd6.dir/build.make CMakeFiles/cmTC_eadd6.dir/build
make[1]: Entering directory '/home/lassegoncz/catkin_ws/build/CMakeFiles/CMakeTmp'
Building CXX object CMakeFiles/cmTC_eadd6.dir/feature_tests.cxx.o
/usr/bin/c++     -std=c++11 -o CMakeFiles/cmTC_eadd6.dir/feature_tests.cxx.o -c /home/lassegoncz/catkin_ws/build/CMakeFiles/feature_tests.cxx
Linking CXX executable cmTC_eadd6
/usr/bin/cmake -E cmake_link_script CMakeFiles/cmTC_eadd6.dir/link.txt --verbose=1
/usr/bin/c++        CMakeFiles/cmTC_eadd6.dir/feature_tests.cxx.o  -o cmTC_eadd6 -rdynamic 
make[1]: Leaving directory '/home/lassegoncz/catkin_ws/build/CMakeFiles/CMakeTmp'


    Feature record: CXX_FEATURE:0cxx_aggregate_default_initializers
    Feature record: CXX_FEATURE:1cxx_alias_templates
    Feature record: CXX_FEATURE:1cxx_alignas
    Feature record: CXX_FEATURE:1cxx_alignof
    Feature record: CXX_FEATURE:1cxx_attributes
    Feature record: CXX_FEATURE:0cxx_attribute_deprecated
    Feature record: CXX_FEATURE:1cxx_auto_type
    Feature record: CXX_FEATURE:0cxx_binary_literals
    Feature record: CXX_FEATURE:1cxx_constexpr
    Feature record: CXX_FEATURE:0cxx_contextual_conversions
    Feature record: CXX_FEATURE:1cxx_decltype
    Feature record: CXX_FEATURE:0cxx_decltype_auto
    Feature record: CXX_FEATURE:1cxx_decltype_incomplete_return_types
    Feature record: CXX_FEATURE:1cxx_default_function_template_args
    Feature record: CXX_FEATURE:1cxx_defaulted_functions
    Feature record: CXX_FEATURE:1cxx_defaulted_move_initializers
    Feature record: CXX_FEATURE:1cxx_delegating_constructors
    Feature record: CXX_FEATURE:1cxx_deleted_functions
    Feature record: CXX_FEATURE:0cxx_digit_separators
    Feature record: CXX_FEATURE:1cxx_enum_forward_declarations
    Feature record: CXX_FEATURE:1cxx_explicit_conversions
    Feature record: CXX_FEATURE:1cxx_extended_friend_declarations
    Feature record: CXX_FEATURE:1cxx_extern_templates
    Feature record: CXX_FEATURE:1cxx_final
    Feature record: CXX_FEATURE:1cxx_func_identifier
    Feature record: CXX_FEATURE:1cxx_generalized_initializers
    Feature record: CXX_FEATURE:0cxx_generic_lambdas
    Feature record: CXX_FEATURE:1cxx_inheriting_constructors
    Feature record: CXX_FEATURE:1cxx_inline_namespaces
    Feature record: CXX_FEATURE:1cxx_lambdas
    Feature record: CXX_FEATURE:0cxx_lambda_init_captures
    Feature record: CXX_FEATURE:1cxx_local_type_template_args
    Feature record: CXX_FEATURE:1cxx_long_long_type
    Feature record: CXX_FEATURE:1cxx_noexcept
    Feature record: CXX_FEATURE:1cxx_nonstatic_member_init
    Feature record: CXX_FEATURE:1cxx_nullptr
    Feature record: CXX_FEATURE:1cxx_override
    Feature record: CXX_FEATURE:1cxx_range_for
    Feature record: CXX_FEATURE:1cxx_raw_string_literals
    Feature record: CXX_FEATURE:1cxx_reference_qualified_functions
    Feature record: CXX_FEATURE:0cxx_relaxed_constexpr
    Feature record: CXX_FEATURE:0cxx_return_type_deduction
    Feature record: CXX_FEATURE:1cxx_right_angle_brackets
    Feature record: CXX_FEATURE:1cxx_rvalue_references
    Feature record: CXX_FEATURE:1cxx_sizeof_member
    Feature record: CXX_FEATURE:1cxx_static_assert
    Feature record: CXX_FEATURE:1cxx_strong_enums
    Feature record: CXX_FEATURE:1cxx_template_template_parameters
    Feature record: CXX_FEATURE:1cxx_thread_local
    Feature record: CXX_FEATURE:1cxx_trailing_return_types
    Feature record: CXX_FEATURE:1cxx_unicode_literals
    Feature record: CXX_FEATURE:1cxx_uniform_initialization
    Feature record: CXX_FEATURE:1cxx_unrestricted_unions
    Feature record: CXX_FEATURE:1cxx_user_literals
    Feature record: CXX_FEATURE:0cxx_variable_templates
    Feature record: CXX_FEATURE:1cxx_variadic_macros
    Feature record: CXX_FEATURE:1cxx_variadic_templates


Detecting CXX [-std=c++98] compiler features compiled with the following output:
Change Dir: /home/lassegoncz/catkin_ws/build/CMakeFiles/CMakeTmp

Run Build Command:"/usr/bin/make" "cmTC_1e58c/fast"
/usr/bin/make -f CMakeFiles/cmTC_1e58c.dir/build.make CMakeFiles/cmTC_1e58c.dir/build
make[1]: Entering directory '/home/lassegoncz/catkin_ws/build/CMakeFiles/CMakeTmp'
Building CXX object CMakeFiles/cmTC_1e58c.dir/feature_tests.cxx.o
/usr/bin/c++     -std=c++98 -o CMakeFiles/cmTC_1e58c.dir/feature_tests.cxx.o -c /home/lassegoncz/catkin_ws/build/CMakeFiles/feature_tests.cxx
Linking CXX executable cmTC_1e58c
/usr/bin/cmake -E cmake_link_script CMakeFiles/cmTC_1e58c.dir/link.txt --verbose=1
/usr/bin/c++        CMakeFiles/cmTC_1e58c.dir/feature_tests.cxx.o  -o cmTC_1e58c -rdynamic 
make[1]: Leaving directory '/home/lassegoncz/catkin_ws/build/CMakeFiles/CMakeTmp'


    Feature record: CXX_FEATURE:0cxx_aggregate_default_initializers
    Feature record: CXX_FEATURE:0cxx_alias_templates
    Feature record: CXX_FEATURE:0cxx_alignas
    Feature record: CXX_FEATURE:0cxx_alignof
    Feature record: CXX_FEATURE:0cxx_attributes
    Feature record: CXX_FEATURE:0cxx_attribute_deprecated
    Feature record: CXX_FEATURE:0cxx_auto_type
    Feature record: CXX_FEATURE:0cxx_binary_literals
    Feature record: CXX_FEATURE:0cxx_constexpr
    Feature record: CXX_FEATURE:0cxx_contextual_conversions
    Feature record: CXX_FEATURE:0cxx_decltype
    Feature record: CXX_FEATURE:0cxx_decltype_auto
    Feature record: CXX_FEATURE:0cxx_decltype_incomplete_return_types
    Feature record: CXX_FEATURE:0cxx_default_function_template_args
    Feature record: CXX_FEATURE:0cxx_defaulted_functions
    Feature record: CXX_FEATURE:0cxx_defaulted_move_initializers
    Feature record: CXX_FEATURE:0cxx_delegating_constructors
    Feature record: CXX_FEATURE:0cxx_deleted_functions
    Feature record: CXX_FEATURE:0cxx_digit_separators
    Feature record: CXX_FEATURE:0cxx_enum_forward_declarations
    Feature record: CXX_FEATURE:0cxx_explicit_conversions
    Feature record: CXX_FEATURE:0cxx_extended_friend_declarations
    Feature record: CXX_FEATURE:0cxx_extern_templates
    Feature record: CXX_FEATURE:0cxx_final
    Feature record: CXX_FEATURE:0cxx_func_identifier
    Feature record: CXX_FEATURE:0cxx_generalized_initializers
    Feature record: CXX_FEATURE:0cxx_generic_lambdas
    Feature record: CXX_FEATURE:0cxx_inheriting_constructors
    Feature record: CXX_FEATURE:0cxx_inline_namespaces
    Feature record: CXX_FEATURE:0cxx_lambdas
    Feature record: CXX_FEATURE:0cxx_lambda_init_captures
    Feature record: CXX_FEATURE:0cxx_local_type_template_args
    Feature record: CXX_FEATURE:0cxx_long_long_type
    Feature record: CXX_FEATURE:0cxx_noexcept
    Feature record: CXX_FEATURE:0cxx_nonstatic_member_init
    Feature record: CXX_FEATURE:0cxx_nullptr
    Feature record: CXX_FEATURE:0cxx_override
    Feature record: CXX_FEATURE:0cxx_range_for
    Feature record: CXX_FEATURE:0cxx_raw_string_literals
    Feature record: CXX_FEATURE:0cxx_reference_qualified_functions
    Feature record: CXX_FEATURE:0cxx_relaxed_constexpr
    Feature record: CXX_FEATURE:0cxx_return_type_deduction
    Feature record: CXX_FEATURE:0cxx_right_angle_brackets
    Feature record: CXX_FEATURE:0cxx_rvalue_references
    Feature record: CXX_FEATURE:0cxx_sizeof_member
    Feature record: CXX_FEATURE:0cxx_static_assert
    Feature record: CXX_FEATURE:0cxx_strong_enums
    Feature record: CXX_FEATURE:1cxx_template_template_parameters
    Feature record: CXX_FEATURE:0cxx_thread_local
    Feature record: CXX_FEATURE:0cxx_trailing_return_types
    Feature record: CXX_FEATURE:0cxx_unicode_literals
    Feature record: CXX_FEATURE:0cxx_uniform_initialization
    Feature record: CXX_FEATURE:0cxx_unrestricted_unions
    Feature record: CXX_FEATURE:0cxx_user_literals
    Feature record: CXX_FEATURE:0cxx_variable_templates
    Feature record: CXX_FEATURE:0cxx_variadic_macros
    Feature record: CXX_FEATURE:0cxx_variadic_templates
Determining if the include file pthread.h exists passed with the following output:
Change Dir: /home/lassegoncz/catkin_ws/build/CMakeFiles/CMakeTmp

Run Build Command:"/usr/bin/make" "cmTC_59e89/fast"
/usr/bin/make -f CMakeFiles/cmTC_59e89.dir/build.make CMakeFiles/cmTC_59e89.dir/build
make[1]: Entering directory '/home/lassegoncz/catkin_ws/build/CMakeFiles/CMakeTmp'
Building C object CMakeFiles/cmTC_59e89.dir/CheckIncludeFile.c.o
/usr/bin/cc     -o CMakeFiles/cmTC_59e89.dir/CheckIncludeFile.c.o   -c /home/lassegoncz/catkin_ws/build/CMakeFiles/CMakeTmp/CheckIncludeFile.c
Linking C executable cmTC_59e89
/usr/bin/cmake -E cmake_link_script CMakeFiles/cmTC_59e89.dir/link.txt --verbose=1
/usr/bin/cc       CMakeFiles/cmTC_59e89.dir/CheckIncludeFile.c.o  -o cmTC_59e89 -rdynamic 
make[1]: Leaving directory '/home/lassegoncz/catkin_ws/build/CMakeFiles/CMakeTmp'


Determining if the function pthread_create exists in the pthread passed with the following output:
Change Dir: /home/lassegoncz/catkin_ws/build/CMakeFiles/CMakeTmp

Run Build Command:"/usr/bin/make" "cmTC_03ce4/fast"
/usr/bin/make -f CMakeFiles/cmTC_03ce4.dir/build.make CMakeFiles/cmTC_03ce4.dir/build
make[1]: Entering directory '/home/lassegoncz/catkin_ws/build/CMakeFiles/CMakeTmp'
Building C object CMakeFiles/cmTC_03ce4.dir/CheckFunctionExists.c.o
/usr/bin/cc    -DCHECK_FUNCTION_EXISTS=pthread_create   -o CMakeFiles/cmTC_03ce4.dir/CheckFunctionExists.c.o   -c /usr/share/cmake-3.5/Modules/CheckFunctionExists.c
Linking C executable cmTC_03ce4
/usr/bin/cmake -E cmake_link_script CMakeFiles/cmTC_03ce4.dir/link.txt --verbose=1
/usr/bin/cc   -DCHECK_FUNCTION_EXISTS=pthread_create    CMakeFiles/cmTC_03ce4.dir/CheckFunctionExists.c.o  -o cmTC_03ce4 -rdynamic -lpthread 
make[1]: Leaving directory '/home/lassegoncz/catkin_ws/build/CMakeFiles/CMakeTmp'


Performing C++ SOURCE FILE Test COMPILER_SUPPORTS_CXX11 succeeded with the following output:
Change Dir: /home/lassegoncz/catkin_ws/build/CMakeFiles/CMakeTmp

Run Build Command:"/usr/bin/make" "cmTC_2299e/fast"
/usr/bin/make -f CMakeFiles/cmTC_2299e.dir/build.make CMakeFiles/cmTC_2299e.dir/build
make[1]: Entering directory '/home/lassegoncz/catkin_ws/build/CMakeFiles/CMakeTmp'
Building CXX object CMakeFiles/cmTC_2299e.dir/src.cxx.o
/usr/bin/c++     -DCOMPILER_SUPPORTS_CXX11   -std=c++11 -o CMakeFiles/cmTC_2299e.dir/src.cxx.o -c /home/lassegoncz/catkin_ws/build/CMakeFiles/CMakeTmp/src.cxx
Linking CXX executable cmTC_2299e
/usr/bin/cmake -E cmake_link_script CMakeFiles/cmTC_2299e.dir/link.txt --verbose=1
/usr/bin/c++    -DCOMPILER_SUPPORTS_CXX11    CMakeFiles/cmTC_2299e.dir/src.cxx.o  -o cmTC_2299e -rdynamic 
make[1]: Leaving directory '/home/lassegoncz/catkin_ws/build/CMakeFiles/CMakeTmp'

Source file was:
int main() { return 0; }
Performing C++ SOURCE FILE Test COMPILER_SUPPORTS_CXX11 succeeded with the following output:
Change Dir: /home/lassegoncz/catkin_ws/build/CMakeFiles/CMakeTmp

Run Build Command:"/usr/bin/make" "cmTC_80324/fast"
/usr/bin/make -f CMakeFiles/cmTC_80324.dir/build.make CMakeFiles/cmTC_80324.dir/build
make[1]: Entering directory '/home/lassegoncz/catkin_ws/build/CMakeFiles/CMakeTmp'
Building CXX object CMakeFiles/cmTC_80324.dir/src.cxx.o
/usr/bin/c++     -DCOMPILER_SUPPORTS_CXX11   -std=c++11 -o CMakeFiles/cmTC_80324.dir/src.cxx.o -c /home/lassegoncz/catkin_ws/build/CMakeFiles/CMakeTmp/src.cxx
Linking CXX executable cmTC_80324
/usr/bin/cmake -E cmake_link_script CMakeFiles/cmTC_80324.dir/link.txt --verbose=1
/usr/bin/c++    -DCOMPILER_SUPPORTS_CXX11    CMakeFiles/cmTC_80324.dir/src.cxx.o  -o cmTC_80324 -rdynamic 
make[1]: Leaving directory '/home/lassegoncz/catkin_ws/build/CMakeFiles/CMakeTmp'

Source file was:
int main() { return 0; }
Determining if the include file unistd.h exists passed with the following output:
Change Dir: /home/lassegoncz/catkin_ws/build/CMakeFiles/CMakeTmp

Run Build Command:"/usr/bin/make" "cmTC_20d51/fast"
make[1]: Entering directory '/home/lassegoncz/catkin_ws/build/CMakeFiles/CMakeTmp'
/usr/bin/make -f CMakeFiles/cmTC_20d51.dir/build.make CMakeFiles/cmTC_20d51.dir/build
make[2]: Entering directory '/home/lassegoncz/catkin_ws/build/CMakeFiles/CMakeTmp'
Building C object CMakeFiles/cmTC_20d51.dir/CheckIncludeFile.c.o
/usr/bin/cc     -o CMakeFiles/cmTC_20d51.dir/CheckIncludeFile.c.o   -c /home/lassegoncz/catkin_ws/build/CMakeFiles/CMakeTmp/CheckIncludeFile.c
Linking C executable cmTC_20d51
/usr/bin/cmake -E cmake_link_script CMakeFiles/cmTC_20d51.dir/link.txt --verbose=1
/usr/bin/cc       CMakeFiles/cmTC_20d51.dir/CheckIncludeFile.c.o  -o cmTC_20d51 -rdynamic 
make[2]: Leaving directory '/home/lassegoncz/catkin_ws/build/CMakeFiles/CMakeTmp'
make[1]: Leaving directory '/home/lassegoncz/catkin_ws/build/CMakeFiles/CMakeTmp'


Determining if the drand48 exist passed with the following output:
Change Dir: /home/lassegoncz/catkin_ws/build/CMakeFiles/CMakeTmp

Run Build Command:"/usr/bin/make" "cmTC_ec2fb/fast"
make[1]: Entering directory '/home/lassegoncz/catkin_ws/build/CMakeFiles/CMakeTmp'
/usr/bin/make -f CMakeFiles/cmTC_ec2fb.dir/build.make CMakeFiles/cmTC_ec2fb.dir/build
make[2]: Entering directory '/home/lassegoncz/catkin_ws/build/CMakeFiles/CMakeTmp'
Building C object CMakeFiles/cmTC_ec2fb.dir/CheckSymbolExists.c.o
/usr/bin/cc     -o CMakeFiles/cmTC_ec2fb.dir/CheckSymbolExists.c.o   -c /home/lassegoncz/catkin_ws/build/CMakeFiles/CMakeTmp/CheckSymbolExists.c
Linking C executable cmTC_ec2fb
/usr/bin/cmake -E cmake_link_script CMakeFiles/cmTC_ec2fb.dir/link.txt --verbose=1
/usr/bin/cc       CMakeFiles/cmTC_ec2fb.dir/CheckSymbolExists.c.o  -o cmTC_ec2fb -rdynamic 
make[2]: Leaving directory '/home/lassegoncz/catkin_ws/build/CMakeFiles/CMakeTmp'
make[1]: Leaving directory '/home/lassegoncz/catkin_ws/build/CMakeFiles/CMakeTmp'

File /home/lassegoncz/catkin_ws/build/CMakeFiles/CMakeTmp/CheckSymbolExists.c:
/* */
#include <stdlib.h>

int main(int argc, char** argv)
{
  (void)argv;
#ifndef drand48
  return ((int*)(&drand48))[argc];
#else
  (void)argc;
  return 0;
#endif
}

Performing C++ SOURCE FILE Test COMPILER_SUPPORTS_CXX11 succeeded with the following output:
Change Dir: /home/lassegoncz/catkin_ws/build/CMakeFiles/CMakeTmp

Run Build Command:"/usr/bin/make" "cmTC_d3c01/fast"
make[1]: Entering directory '/home/lassegoncz/catkin_ws/build/CMakeFiles/CMakeTmp'
/usr/bin/make -f CMakeFiles/cmTC_d3c01.dir/build.make CMakeFiles/cmTC_d3c01.dir/build
make[2]: Entering directory '/home/lassegoncz/catkin_ws/build/CMakeFiles/CMakeTmp'
Building CXX object CMakeFiles/cmTC_d3c01.dir/src.cxx.o
/usr/bin/c++     -DCOMPILER_SUPPORTS_CXX11   -std=c++11 -o CMakeFiles/cmTC_d3c01.dir/src.cxx.o -c /home/lassegoncz/catkin_ws/build/CMakeFiles/CMakeTmp/src.cxx
Linking CXX executable cmTC_d3c01
/usr/bin/cmake -E cmake_link_script CMakeFiles/cmTC_d3c01.dir/link.txt --verbose=1
/usr/bin/c++    -DCOMPILER_SUPPORTS_CXX11    CMakeFiles/cmTC_d3c01.dir/src.cxx.o  -o cmTC_d3c01 -rdynamic 
make[2]: Leaving directory '/home/lassegoncz/catkin_ws/build/CMakeFiles/CMakeTmp'
make[1]: Leaving directory '/home/lassegoncz/catkin_ws/build/CMakeFiles/CMakeTmp'

Source file was:
int main() { return 0; }
Determining if the function XOpenDisplay exists in the /usr/lib/x86_64-linux-gnu/libX11.so;/usr/lib/x86_64-linux-gnu/libXext.so passed with the following output:
Change Dir: /home/lassegoncz/catkin_ws/build/CMakeFiles/CMakeTmp

Run Build Command:"/usr/bin/make" "cmTC_b81c0/fast"
make[1]: Entering directory '/home/lassegoncz/catkin_ws/build/CMakeFiles/CMakeTmp'
/usr/bin/make -f CMakeFiles/cmTC_b81c0.dir/build.make CMakeFiles/cmTC_b81c0.dir/build
make[2]: Entering directory '/home/lassegoncz/catkin_ws/build/CMakeFiles/CMakeTmp'
Building C object CMakeFiles/cmTC_b81c0.dir/CheckFunctionExists.c.o
/usr/bin/cc    -DCHECK_FUNCTION_EXISTS=XOpenDisplay   -o CMakeFiles/cmTC_b81c0.dir/CheckFunctionExists.c.o   -c /usr/share/cmake-3.5/Modules/CheckFunctionExists.c
Linking C executable cmTC_b81c0
/usr/bin/cmake -E cmake_link_script CMakeFiles/cmTC_b81c0.dir/link.txt --verbose=1
/usr/bin/cc   -DCHECK_FUNCTION_EXISTS=XOpenDisplay    CMakeFiles/cmTC_b81c0.dir/CheckFunctionExists.c.o  -o cmTC_b81c0 -rdynamic /usr/lib/x86_64-linux-gnu/libX11.so /usr/lib/x86_64-linux-gnu/libXext.so 
make[2]: Leaving directory '/home/lassegoncz/catkin_ws/build/CMakeFiles/CMakeTmp'
make[1]: Leaving directory '/home/lassegoncz/catkin_ws/build/CMakeFiles/CMakeTmp'


Determining if the function gethostbyname exists passed with the following output:
Change Dir: /home/lassegoncz/catkin_ws/build/CMakeFiles/CMakeTmp

Run Build Command:"/usr/bin/make" "cmTC_4b723/fast"
make[1]: Entering directory '/home/lassegoncz/catkin_ws/build/CMakeFiles/CMakeTmp'
/usr/bin/make -f CMakeFiles/cmTC_4b723.dir/build.make CMakeFiles/cmTC_4b723.dir/build
make[2]: Entering directory '/home/lassegoncz/catkin_ws/build/CMakeFiles/CMakeTmp'
Building C object CMakeFiles/cmTC_4b723.dir/CheckFunctionExists.c.o
/usr/bin/cc    -DCHECK_FUNCTION_EXISTS=gethostbyname   -o CMakeFiles/cmTC_4b723.dir/CheckFunctionExists.c.o   -c /usr/share/cmake-3.5/Modules/CheckFunctionExists.c
Linking C executable cmTC_4b723
/usr/bin/cmake -E cmake_link_script CMakeFiles/cmTC_4b723.dir/link.txt --verbose=1
/usr/bin/cc   -DCHECK_FUNCTION_EXISTS=gethostbyname    CMakeFiles/cmTC_4b723.dir/CheckFunctionExists.c.o  -o cmTC_4b723 -rdynamic 
make[2]: Leaving directory '/home/lassegoncz/catkin_ws/build/CMakeFiles/CMakeTmp'
make[1]: Leaving directory '/home/lassegoncz/catkin_ws/build/CMakeFiles/CMakeTmp'


Determining if the function connect exists passed with the following output:
Change Dir: /home/lassegoncz/catkin_ws/build/CMakeFiles/CMakeTmp

Run Build Command:"/usr/bin/make" "cmTC_d2fe6/fast"
make[1]: Entering directory '/home/lassegoncz/catkin_ws/build/CMakeFiles/CMakeTmp'
/usr/bin/make -f CMakeFiles/cmTC_d2fe6.dir/build.make CMakeFiles/cmTC_d2fe6.dir/build
make[2]: Entering directory '/home/lassegoncz/catkin_ws/build/CMakeFiles/CMakeTmp'
Building C object CMakeFiles/cmTC_d2fe6.dir/CheckFunctionExists.c.o
/usr/bin/cc    -DCHECK_FUNCTION_EXISTS=connect   -o CMakeFiles/cmTC_d2fe6.dir/CheckFunctionExists.c.o   -c /usr/share/cmake-3.5/Modules/CheckFunctionExists.c
Linking C executable cmTC_d2fe6
/usr/bin/cmake -E cmake_link_script CMakeFiles/cmTC_d2fe6.dir/link.txt --verbose=1
/usr/bin/cc   -DCHECK_FUNCTION_EXISTS=connect    CMakeFiles/cmTC_d2fe6.dir/CheckFunctionExists.c.o  -o cmTC_d2fe6 -rdynamic 
make[2]: Leaving directory '/home/lassegoncz/catkin_ws/build/CMakeFiles/CMakeTmp'
make[1]: Leaving directory '/home/lassegoncz/catkin_ws/build/CMakeFiles/CMakeTmp'


Determining if the function remove exists passed with the following output:
Change Dir: /home/lassegoncz/catkin_ws/build/CMakeFiles/CMakeTmp

Run Build Command:"/usr/bin/make" "cmTC_670a1/fast"
make[1]: Entering directory '/home/lassegoncz/catkin_ws/build/CMakeFiles/CMakeTmp'
/usr/bin/make -f CMakeFiles/cmTC_670a1.dir/build.make CMakeFiles/cmTC_670a1.dir/build
make[2]: Entering directory '/home/lassegoncz/catkin_ws/build/CMakeFiles/CMakeTmp'
Building C object CMakeFiles/cmTC_670a1.dir/CheckFunctionExists.c.o
/usr/bin/cc    -DCHECK_FUNCTION_EXISTS=remove   -o CMakeFiles/cmTC_670a1.dir/CheckFunctionExists.c.o   -c /usr/share/cmake-3.5/Modules/CheckFunctionExists.c
Linking C executable cmTC_670a1
/usr/bin/cmake -E cmake_link_script CMakeFiles/cmTC_670a1.dir/link.txt --verbose=1
/usr/bin/cc   -DCHECK_FUNCTION_EXISTS=remove    CMakeFiles/cmTC_670a1.dir/CheckFunctionExists.c.o  -o cmTC_670a1 -rdynamic 
make[2]: Leaving directory '/home/lassegoncz/catkin_ws/build/CMakeFiles/CMakeTmp'
make[1]: Leaving directory '/home/lassegoncz/catkin_ws/build/CMakeFiles/CMakeTmp'


Determining if the function shmat exists passed with the following output:
Change Dir: /home/lassegoncz/catkin_ws/build/CMakeFiles/CMakeTmp

Run Build Command:"/usr/bin/make" "cmTC_c6023/fast"
make[1]: Entering directory '/home/lassegoncz/catkin_ws/build/CMakeFiles/CMakeTmp'
/usr/bin/make -f CMakeFiles/cmTC_c6023.dir/build.make CMakeFiles/cmTC_c6023.dir/build
make[2]: Entering directory '/home/lassegoncz/catkin_ws/build/CMakeFiles/CMakeTmp'
Building C object CMakeFiles/cmTC_c6023.dir/CheckFunctionExists.c.o
/usr/bin/cc    -DCHECK_FUNCTION_EXISTS=shmat   -o CMakeFiles/cmTC_c6023.dir/CheckFunctionExists.c.o   -c /usr/share/cmake-3.5/Modules/CheckFunctionExists.c
Linking C executable cmTC_c6023
/usr/bin/cmake -E cmake_link_script CMakeFiles/cmTC_c6023.dir/link.txt --verbose=1
/usr/bin/cc   -DCHECK_FUNCTION_EXISTS=shmat    CMakeFiles/cmTC_c6023.dir/CheckFunctionExists.c.o  -o cmTC_c6023 -rdynamic 
make[2]: Leaving directory '/home/lassegoncz/catkin_ws/build/CMakeFiles/CMakeTmp'
make[1]: Leaving directory '/home/lassegoncz/catkin_ws/build/CMakeFiles/CMakeTmp'


Determining if the function IceConnectionNumber exists in the ICE passed with the following output:
Change Dir: /home/lassegoncz/catkin_ws/build/CMakeFiles/CMakeTmp

Run Build Command:"/usr/bin/make" "cmTC_ddf8b/fast"
make[1]: Entering directory '/home/lassegoncz/catkin_ws/build/CMakeFiles/CMakeTmp'
/usr/bin/make -f CMakeFiles/cmTC_ddf8b.dir/build.make CMakeFiles/cmTC_ddf8b.dir/build
make[2]: Entering directory '/home/lassegoncz/catkin_ws/build/CMakeFiles/CMakeTmp'
Building C object CMakeFiles/cmTC_ddf8b.dir/CheckFunctionExists.c.o
/usr/bin/cc    -DCHECK_FUNCTION_EXISTS=IceConnectionNumber   -o CMakeFiles/cmTC_ddf8b.dir/CheckFunctionExists.c.o   -c /usr/share/cmake-3.5/Modules/CheckFunctionExists.c
Linking C executable cmTC_ddf8b
/usr/bin/cmake -E cmake_link_script CMakeFiles/cmTC_ddf8b.dir/link.txt --verbose=1
/usr/bin/cc   -DCHECK_FUNCTION_EXISTS=IceConnectionNumber    CMakeFiles/cmTC_ddf8b.dir/CheckFunctionExists.c.o  -o cmTC_ddf8b -rdynamic -lICE 
make[2]: Leaving directory '/home/lassegoncz/catkin_ws/build/CMakeFiles/CMakeTmp'
make[1]: Leaving directory '/home/lassegoncz/catkin_ws/build/CMakeFiles/CMakeTmp'


Performing C++ SOURCE FILE Test COMPILER_HAS_HIDDEN_VISIBILITY succeeded with the following output:
Change Dir: /home/lassegoncz/catkin_ws/build/CMakeFiles/CMakeTmp

Run Build Command:"/usr/bin/make" "cmTC_01a18/fast"
make[1]: Entering directory '/home/lassegoncz/catkin_ws/build/CMakeFiles/CMakeTmp'
/usr/bin/make -f CMakeFiles/cmTC_01a18.dir/build.make CMakeFiles/cmTC_01a18.dir/build
make[2]: Entering directory '/home/lassegoncz/catkin_ws/build/CMakeFiles/CMakeTmp'
Building CXX object CMakeFiles/cmTC_01a18.dir/src.cxx.o
/usr/bin/c++     -DCOMPILER_HAS_HIDDEN_VISIBILITY   -fvisibility=hidden -o CMakeFiles/cmTC_01a18.dir/src.cxx.o -c /home/lassegoncz/catkin_ws/build/CMakeFiles/CMakeTmp/src.cxx
Linking CXX executable cmTC_01a18
/usr/bin/cmake -E cmake_link_script CMakeFiles/cmTC_01a18.dir/link.txt --verbose=1
/usr/bin/c++    -DCOMPILER_HAS_HIDDEN_VISIBILITY    CMakeFiles/cmTC_01a18.dir/src.cxx.o  -o cmTC_01a18 -rdynamic 
make[2]: Leaving directory '/home/lassegoncz/catkin_ws/build/CMakeFiles/CMakeTmp'
make[1]: Leaving directory '/home/lassegoncz/catkin_ws/build/CMakeFiles/CMakeTmp'

Source file was:
int main() { return 0; }
Performing C++ SOURCE FILE Test COMPILER_HAS_HIDDEN_INLINE_VISIBILITY succeeded with the following output:
Change Dir: /home/lassegoncz/catkin_ws/build/CMakeFiles/CMakeTmp

Run Build Command:"/usr/bin/make" "cmTC_bf3f6/fast"
make[1]: Entering directory '/home/lassegoncz/catkin_ws/build/CMakeFiles/CMakeTmp'
/usr/bin/make -f CMakeFiles/cmTC_bf3f6.dir/build.make CMakeFiles/cmTC_bf3f6.dir/build
make[2]: Entering directory '/home/lassegoncz/catkin_ws/build/CMakeFiles/CMakeTmp'
Building CXX object CMakeFiles/cmTC_bf3f6.dir/src.cxx.o
/usr/bin/c++     -DCOMPILER_HAS_HIDDEN_INLINE_VISIBILITY   -fvisibility-inlines-hidden -o CMakeFiles/cmTC_bf3f6.dir/src.cxx.o -c /home/lassegoncz/catkin_ws/build/CMakeFiles/CMakeTmp/src.cxx
Linking CXX executable cmTC_bf3f6
/usr/bin/cmake -E cmake_link_script CMakeFiles/cmTC_bf3f6.dir/link.txt --verbose=1
/usr/bin/c++    -DCOMPILER_HAS_HIDDEN_INLINE_VISIBILITY    CMakeFiles/cmTC_bf3f6.dir/src.cxx.o  -o cmTC_bf3f6 -rdynamic 
make[2]: Leaving directory '/home/lassegoncz/catkin_ws/build/CMakeFiles/CMakeTmp'
make[1]: Leaving directory '/home/lassegoncz/catkin_ws/build/CMakeFiles/CMakeTmp'

Source file was:
int main() { return 0; }
Performing C++ SOURCE FILE Test COMPILER_HAS_DEPRECATED_ATTR succeeded with the following output:
Change Dir: /home/lassegoncz/catkin_ws/build/CMakeFiles/CMakeTmp

Run Build Command:"/usr/bin/make" "cmTC_8db57/fast"
make[1]: Entering directory '/home/lassegoncz/catkin_ws/build/CMakeFiles/CMakeTmp'
/usr/bin/make -f CMakeFiles/cmTC_8db57.dir/build.make CMakeFiles/cmTC_8db57.dir/build
make[2]: Entering directory '/home/lassegoncz/catkin_ws/build/CMakeFiles/CMakeTmp'
Building CXX object CMakeFiles/cmTC_8db57.dir/src.cxx.o
/usr/bin/c++     -DCOMPILER_HAS_DEPRECATED_ATTR   -o CMakeFiles/cmTC_8db57.dir/src.cxx.o -c /home/lassegoncz/catkin_ws/build/CMakeFiles/CMakeTmp/src.cxx
/home/lassegoncz/catkin_ws/build/CMakeFiles/CMakeTmp/src.cxx: In function int main():
/home/lassegoncz/catkin_ws/build/CMakeFiles/CMakeTmp/src.cxx:2:25: warning: int somefunc() is deprecated [-Wdeprecated-declarations]
     int main() { return somefunc();}
                         ^
/home/lassegoncz/catkin_ws/build/CMakeFiles/CMakeTmp/src.cxx:1:37: note: declared here
 __attribute__((__deprecated__)) int somefunc() { return 0; }
                                     ^
/home/lassegoncz/catkin_ws/build/CMakeFiles/CMakeTmp/src.cxx:2:25: warning: int somefunc() is deprecated [-Wdeprecated-declarations]
     int main() { return somefunc();}
                         ^
/home/lassegoncz/catkin_ws/build/CMakeFiles/CMakeTmp/src.cxx:1:37: note: declared here
 __attribute__((__deprecated__)) int somefunc() { return 0; }
                                     ^
/home/lassegoncz/catkin_ws/build/CMakeFiles/CMakeTmp/src.cxx:2:34: warning: int somefunc() is deprecated [-Wdeprecated-declarations]
     int main() { return somefunc();}
                                  ^
/home/lassegoncz/catkin_ws/build/CMakeFiles/CMakeTmp/src.cxx:1:37: note: declared here
 __attribute__((__deprecated__)) int somefunc() { return 0; }
                                     ^
Linking CXX executable cmTC_8db57
/usr/bin/cmake -E cmake_link_script CMakeFiles/cmTC_8db57.dir/link.txt --verbose=1
/usr/bin/c++    -DCOMPILER_HAS_DEPRECATED_ATTR    CMakeFiles/cmTC_8db57.dir/src.cxx.o  -o cmTC_8db57 -rdynamic 
make[2]: Leaving directory '/home/lassegoncz/catkin_ws/build/CMakeFiles/CMakeTmp'
make[1]: Leaving directory '/home/lassegoncz/catkin_ws/build/CMakeFiles/CMakeTmp'

Source file was:
__attribute__((__deprecated__)) int somefunc() { return 0; }
    int main() { return somefunc();}
Performing C++ SOURCE FILE Test COMPILER_SUPPORTS_CXX11 succeeded with the following output:
Change Dir: /home/lassegoncz/catkin_ws/build/CMakeFiles/CMakeTmp

Run Build Command:"/usr/bin/make" "cmTC_603ba/fast"
make[1]: Entering directory '/home/lassegoncz/catkin_ws/build/CMakeFiles/CMakeTmp'
/usr/bin/make -f CMakeFiles/cmTC_603ba.dir/build.make CMakeFiles/cmTC_603ba.dir/build
make[2]: Entering directory '/home/lassegoncz/catkin_ws/build/CMakeFiles/CMakeTmp'
Building CXX object CMakeFiles/cmTC_603ba.dir/src.cxx.o
/usr/bin/c++     -DCOMPILER_SUPPORTS_CXX11   -std=c++11 -o CMakeFiles/cmTC_603ba.dir/src.cxx.o -c /home/lassegoncz/catkin_ws/build/CMakeFiles/CMakeTmp/src.cxx
Linking CXX executable cmTC_603ba
/usr/bin/cmake -E cmake_link_script CMakeFiles/cmTC_603ba.dir/link.txt --verbose=1
/usr/bin/c++    -DCOMPILER_SUPPORTS_CXX11    CMakeFiles/cmTC_603ba.dir/src.cxx.o  -o cmTC_603ba -rdynamic 
make[2]: Leaving directory '/home/lassegoncz/catkin_ws/build/CMakeFiles/CMakeTmp'
make[1]: Leaving directory '/home/lassegoncz/catkin_ws/build/CMakeFiles/CMakeTmp'

Source file was:
int main() { return 0; }
Determining if the include file FL/Fl.H exists passed with the following output:
Change Dir: /home/lassegoncz/catkin_ws/build/CMakeFiles/CMakeTmp

Run Build Command:"/usr/bin/make" "cmTC_bea64/fast"
make[1]: Entering directory '/home/lassegoncz/catkin_ws/build/CMakeFiles/CMakeTmp'
/usr/bin/make -f CMakeFiles/cmTC_bea64.dir/build.make CMakeFiles/cmTC_bea64.dir/build
make[2]: Entering directory '/home/lassegoncz/catkin_ws/build/CMakeFiles/CMakeTmp'
Building CXX object CMakeFiles/cmTC_bea64.dir/CheckIncludeFile.cxx.o
/usr/bin/c++      -o CMakeFiles/cmTC_bea64.dir/CheckIncludeFile.cxx.o -c /home/lassegoncz/catkin_ws/build/CMakeFiles/CMakeTmp/CheckIncludeFile.cxx
Linking CXX executable cmTC_bea64
/usr/bin/cmake -E cmake_link_script CMakeFiles/cmTC_bea64.dir/link.txt --verbose=1
/usr/bin/c++        CMakeFiles/cmTC_bea64.dir/CheckIncludeFile.cxx.o  -o cmTC_bea64 -rdynamic 
make[2]: Leaving directory '/home/lassegoncz/catkin_ws/build/CMakeFiles/CMakeTmp'
make[1]: Leaving directory '/home/lassegoncz/catkin_ws/build/CMakeFiles/CMakeTmp'


Performing C++ SOURCE FILE Test COMPILER_SUPPORTS_CXX11 succeeded with the following output:
Change Dir: /home/lassegoncz/catkin_ws/build/CMakeFiles/CMakeTmp

Run Build Command:"/usr/bin/make" "cmTC_e64e2/fast"
/usr/bin/make -f CMakeFiles/cmTC_e64e2.dir/build.make CMakeFiles/cmTC_e64e2.dir/build
make[1]: Entering directory '/home/lassegoncz/catkin_ws/build/CMakeFiles/CMakeTmp'
Building CXX object CMakeFiles/cmTC_e64e2.dir/src.cxx.o
/usr/bin/c++     -DCOMPILER_SUPPORTS_CXX11   -std=c++11 -o CMakeFiles/cmTC_e64e2.dir/src.cxx.o -c /home/lassegoncz/catkin_ws/build/CMakeFiles/CMakeTmp/src.cxx
Linking CXX executable cmTC_e64e2
/usr/bin/cmake -E cmake_link_script CMakeFiles/cmTC_e64e2.dir/link.txt --verbose=1
/usr/bin/c++    -DCOMPILER_SUPPORTS_CXX11    CMakeFiles/cmTC_e64e2.dir/src.cxx.o  -o cmTC_e64e2 -rdynamic 
make[1]: Leaving directory '/home/lassegoncz/catkin_ws/build/CMakeFiles/CMakeTmp'

Source file was:
int main() { return 0; }
The target system is: Linux - 4.15.0-64-generic - x86_64
The host system is: Linux - 4.15.0-65-generic - x86_64
Performing C++ SOURCE FILE Test COMPILER_SUPPORTS_CXX11 succeeded with the following output:
Change Dir: /home/lassegoncz/catkin_ws/build/CMakeFiles/CMakeTmp

Run Build Command:"/usr/bin/make" "cmTC_bd6f5/fast"
make[1]: Entering directory '/home/lassegoncz/catkin_ws/build/CMakeFiles/CMakeTmp'
/usr/bin/make -f CMakeFiles/cmTC_bd6f5.dir/build.make CMakeFiles/cmTC_bd6f5.dir/build
make[2]: Entering directory '/home/lassegoncz/catkin_ws/build/CMakeFiles/CMakeTmp'
Building CXX object CMakeFiles/cmTC_bd6f5.dir/src.cxx.o
/usr/bin/c++     -DCOMPILER_SUPPORTS_CXX11   -std=c++11 -o CMakeFiles/cmTC_bd6f5.dir/src.cxx.o -c /home/lassegoncz/catkin_ws/build/CMakeFiles/CMakeTmp/src.cxx
Linking CXX executable cmTC_bd6f5
/usr/bin/cmake -E cmake_link_script CMakeFiles/cmTC_bd6f5.dir/link.txt --verbose=1
/usr/bin/c++    -DCOMPILER_SUPPORTS_CXX11    CMakeFiles/cmTC_bd6f5.dir/src.cxx.o  -o cmTC_bd6f5 -rdynamic 
make[2]: Leaving directory '/home/lassegoncz/catkin_ws/build/CMakeFiles/CMakeTmp'
make[1]: Leaving directory '/home/lassegoncz/catkin_ws/build/CMakeFiles/CMakeTmp'

Source file was:
int main() { return 0; }
The target system is: Linux - 4.15.0-64-generic - x86_64
The host system is: Linux - 4.15.0-65-generic - x86_64
Performing C++ SOURCE FILE Test COMPILER_SUPPORTS_CXX11 succeeded with the following output:
Change Dir: /home/lassegoncz/catkin_ws/build/CMakeFiles/CMakeTmp

Run Build Command:"/usr/bin/make" "cmTC_82356/fast"
make[1]: Entering directory '/home/lassegoncz/catkin_ws/build/CMakeFiles/CMakeTmp'
/usr/bin/make -f CMakeFiles/cmTC_82356.dir/build.make CMakeFiles/cmTC_82356.dir/build
make[2]: Entering directory '/home/lassegoncz/catkin_ws/build/CMakeFiles/CMakeTmp'
Building CXX object CMakeFiles/cmTC_82356.dir/src.cxx.o
/usr/bin/c++     -DCOMPILER_SUPPORTS_CXX11   -std=c++11 -o CMakeFiles/cmTC_82356.dir/src.cxx.o -c /home/lassegoncz/catkin_ws/build/CMakeFiles/CMakeTmp/src.cxx
Linking CXX executable cmTC_82356
/usr/bin/cmake -E cmake_link_script CMakeFiles/cmTC_82356.dir/link.txt --verbose=1
/usr/bin/c++    -DCOMPILER_SUPPORTS_CXX11    CMakeFiles/cmTC_82356.dir/src.cxx.o  -o cmTC_82356 -rdynamic 
make[2]: Leaving directory '/home/lassegoncz/catkin_ws/build/CMakeFiles/CMakeTmp'
make[1]: Leaving directory '/home/lassegoncz/catkin_ws/build/CMakeFiles/CMakeTmp'

Source file was:
int main() { return 0; }
The target system is: Linux - 4.15.0-64-generic - x86_64
The host system is: Linux - 4.15.0-65-generic - x86_64
Performing C++ SOURCE FILE Test COMPILER_SUPPORTS_CXX11 succeeded with the following output:
Change Dir: /home/lassegoncz/catkin_ws/build/CMakeFiles/CMakeTmp

Run Build Command:"/usr/bin/make" "cmTC_0adbc/fast"
/usr/bin/make -f CMakeFiles/cmTC_0adbc.dir/build.make CMakeFiles/cmTC_0adbc.dir/build
make[1]: Entering directory '/home/lassegoncz/catkin_ws/build/CMakeFiles/CMakeTmp'
Building CXX object CMakeFiles/cmTC_0adbc.dir/src.cxx.o
/usr/bin/c++     -DCOMPILER_SUPPORTS_CXX11   -std=c++11 -o CMakeFiles/cmTC_0adbc.dir/src.cxx.o -c /home/lassegoncz/catkin_ws/build/CMakeFiles/CMakeTmp/src.cxx
Linking CXX executable cmTC_0adbc
/usr/bin/cmake -E cmake_link_script CMakeFiles/cmTC_0adbc.dir/link.txt --verbose=1
/usr/bin/c++    -DCOMPILER_SUPPORTS_CXX11    CMakeFiles/cmTC_0adbc.dir/src.cxx.o  -o cmTC_0adbc -rdynamic 
make[1]: Leaving directory '/home/lassegoncz/catkin_ws/build/CMakeFiles/CMakeTmp'

Source file was:
int main() { return 0; }
The target system is: Linux - 4.15.0-64-generic - x86_64
The host system is: Linux - 4.15.0-65-generic - x86_64
Performing C++ SOURCE FILE Test COMPILER_SUPPORTS_CXX11 succeeded with the following output:
Change Dir: /home/lassegoncz/catkin_ws/build/CMakeFiles/CMakeTmp

Run Build Command:"/usr/bin/make" "cmTC_b9af8/fast"
make[1]: Entering directory '/home/lassegoncz/catkin_ws/build/CMakeFiles/CMakeTmp'
/usr/bin/make -f CMakeFiles/cmTC_b9af8.dir/build.make CMakeFiles/cmTC_b9af8.dir/build
make[2]: Entering directory '/home/lassegoncz/catkin_ws/build/CMakeFiles/CMakeTmp'
Building CXX object CMakeFiles/cmTC_b9af8.dir/src.cxx.o
/usr/bin/c++     -DCOMPILER_SUPPORTS_CXX11   -std=c++11 -o CMakeFiles/cmTC_b9af8.dir/src.cxx.o -c /home/lassegoncz/catkin_ws/build/CMakeFiles/CMakeTmp/src.cxx
Linking CXX executable cmTC_b9af8
/usr/bin/cmake -E cmake_link_script CMakeFiles/cmTC_b9af8.dir/link.txt --verbose=1
/usr/bin/c++    -DCOMPILER_SUPPORTS_CXX11    CMakeFiles/cmTC_b9af8.dir/src.cxx.o  -o cmTC_b9af8 -rdynamic 
make[2]: Leaving directory '/home/lassegoncz/catkin_ws/build/CMakeFiles/CMakeTmp'
make[1]: Leaving directory '/home/lassegoncz/catkin_ws/build/CMakeFiles/CMakeTmp'

Source file was:
int main() { return 0; }
The target system is: Linux - 4.15.0-64-generic - x86_64
The host system is: Linux - 4.15.0-65-generic - x86_64
Performing C++ SOURCE FILE Test COMPILER_SUPPORTS_CXX11 succeeded with the following output:
Change Dir: /home/lassegoncz/catkin_ws/build/CMakeFiles/CMakeTmp

Run Build Command:"/usr/bin/make" "cmTC_bdd1b/fast"
make[1]: Entering directory '/home/lassegoncz/catkin_ws/build/CMakeFiles/CMakeTmp'
/usr/bin/make -f CMakeFiles/cmTC_bdd1b.dir/build.make CMakeFiles/cmTC_bdd1b.dir/build
make[2]: Entering directory '/home/lassegoncz/catkin_ws/build/CMakeFiles/CMakeTmp'
Building CXX object CMakeFiles/cmTC_bdd1b.dir/src.cxx.o
/usr/bin/c++     -DCOMPILER_SUPPORTS_CXX11   -std=c++11 -o CMakeFiles/cmTC_bdd1b.dir/src.cxx.o -c /home/lassegoncz/catkin_ws/build/CMakeFiles/CMakeTmp/src.cxx
Linking CXX executable cmTC_bdd1b
/usr/bin/cmake -E cmake_link_script CMakeFiles/cmTC_bdd1b.dir/link.txt --verbose=1
/usr/bin/c++    -DCOMPILER_SUPPORTS_CXX11    CMakeFiles/cmTC_bdd1b.dir/src.cxx.o  -o cmTC_bdd1b -rdynamic 
make[2]: Leaving directory '/home/lassegoncz/catkin_ws/build/CMakeFiles/CMakeTmp'
make[1]: Leaving directory '/home/lassegoncz/catkin_ws/build/CMakeFiles/CMakeTmp'

Source file was:
int main() { return 0; }
The target system is: Linux - 4.15.0-64-generic - x86_64
The host system is: Linux - 4.15.0-65-generic - x86_64
Performing C++ SOURCE FILE Test COMPILER_SUPPORTS_CXX11 succeeded with the following output:
Change Dir: /home/lassegoncz/catkin_ws/build/CMakeFiles/CMakeTmp

Run Build Command:"/usr/bin/make" "cmTC_32ba7/fast"
make[1]: Entering directory '/home/lassegoncz/catkin_ws/build/CMakeFiles/CMakeTmp'
/usr/bin/make -f CMakeFiles/cmTC_32ba7.dir/build.make CMakeFiles/cmTC_32ba7.dir/build
make[2]: Entering directory '/home/lassegoncz/catkin_ws/build/CMakeFiles/CMakeTmp'
Building CXX object CMakeFiles/cmTC_32ba7.dir/src.cxx.o
/usr/bin/c++     -DCOMPILER_SUPPORTS_CXX11   -std=c++11 -o CMakeFiles/cmTC_32ba7.dir/src.cxx.o -c /home/lassegoncz/catkin_ws/build/CMakeFiles/CMakeTmp/src.cxx
Linking CXX executable cmTC_32ba7
/usr/bin/cmake -E cmake_link_script CMakeFiles/cmTC_32ba7.dir/link.txt --verbose=1
/usr/bin/c++    -DCOMPILER_SUPPORTS_CXX11    CMakeFiles/cmTC_32ba7.dir/src.cxx.o  -o cmTC_32ba7 -rdynamic 
make[2]: Leaving directory '/home/lassegoncz/catkin_ws/build/CMakeFiles/CMakeTmp'
make[1]: Leaving directory '/home/lassegoncz/catkin_ws/build/CMakeFiles/CMakeTmp'

Source file was:
int main() { return 0; }
The target system is: Linux - 4.15.0-64-generic - x86_64
The host system is: Linux - 4.15.0-65-generic - x86_64
Performing C++ SOURCE FILE Test COMPILER_SUPPORTS_CXX11 succeeded with the following output:
Change Dir: /home/lassegoncz/catkin_ws/build/CMakeFiles/CMakeTmp

Run Build Command:"/usr/bin/make" "cmTC_4a52f/fast"
make[1]: Entering directory '/home/lassegoncz/catkin_ws/build/CMakeFiles/CMakeTmp'
/usr/bin/make -f CMakeFiles/cmTC_4a52f.dir/build.make CMakeFiles/cmTC_4a52f.dir/build
make[2]: Entering directory '/home/lassegoncz/catkin_ws/build/CMakeFiles/CMakeTmp'
Building CXX object CMakeFiles/cmTC_4a52f.dir/src.cxx.o
/usr/bin/c++     -DCOMPILER_SUPPORTS_CXX11   -std=c++11 -o CMakeFiles/cmTC_4a52f.dir/src.cxx.o -c /home/lassegoncz/catkin_ws/build/CMakeFiles/CMakeTmp/src.cxx
Linking CXX executable cmTC_4a52f
/usr/bin/cmake -E cmake_link_script CMakeFiles/cmTC_4a52f.dir/link.txt --verbose=1
/usr/bin/c++    -DCOMPILER_SUPPORTS_CXX11    CMakeFiles/cmTC_4a52f.dir/src.cxx.o  -o cmTC_4a52f -rdynamic 
make[2]: Leaving directory '/home/lassegoncz/catkin_ws/build/CMakeFiles/CMakeTmp'
make[1]: Leaving directory '/home/lassegoncz/catkin_ws/build/CMakeFiles/CMakeTmp'

Source file was:
int main() { return 0; }
The target system is: Linux - 4.15.0-64-generic - x86_64
The host system is: Linux - 4.15.0-65-generic - x86_64
Performing C++ SOURCE FILE Test COMPILER_SUPPORTS_CXX11 succeeded with the following output:
Change Dir: /home/lassegoncz/catkin_ws/build/CMakeFiles/CMakeTmp

Run Build Command:"/usr/bin/make" "cmTC_056f7/fast"
make[1]: Entering directory '/home/lassegoncz/catkin_ws/build/CMakeFiles/CMakeTmp'
/usr/bin/make -f CMakeFiles/cmTC_056f7.dir/build.make CMakeFiles/cmTC_056f7.dir/build
make[2]: Entering directory '/home/lassegoncz/catkin_ws/build/CMakeFiles/CMakeTmp'
Building CXX object CMakeFiles/cmTC_056f7.dir/src.cxx.o
/usr/bin/c++     -DCOMPILER_SUPPORTS_CXX11   -std=c++11 -o CMakeFiles/cmTC_056f7.dir/src.cxx.o -c /home/lassegoncz/catkin_ws/build/CMakeFiles/CMakeTmp/src.cxx
Linking CXX executable cmTC_056f7
/usr/bin/cmake -E cmake_link_script CMakeFiles/cmTC_056f7.dir/link.txt --verbose=1
/usr/bin/c++    -DCOMPILER_SUPPORTS_CXX11    CMakeFiles/cmTC_056f7.dir/src.cxx.o  -o cmTC_056f7 -rdynamic 
make[2]: Leaving directory '/home/lassegoncz/catkin_ws/build/CMakeFiles/CMakeTmp'
make[1]: Leaving directory '/home/lassegoncz/catkin_ws/build/CMakeFiles/CMakeTmp'

Source file was:
int main() { return 0; }
The target system is: Linux - 4.15.0-64-generic - x86_64
The host system is: Linux - 4.15.0-66-generic - x86_64
Performing C++ SOURCE FILE Test COMPILER_SUPPORTS_CXX11 succeeded with the following output:
Change Dir: /home/lassegoncz/catkin_ws/build/CMakeFiles/CMakeTmp

Run Build Command:"/usr/bin/make" "cmTC_d9993/fast"
/usr/bin/make -f CMakeFiles/cmTC_d9993.dir/build.make CMakeFiles/cmTC_d9993.dir/build
make[1]: Entering directory '/home/lassegoncz/catkin_ws/build/CMakeFiles/CMakeTmp'
Building CXX object CMakeFiles/cmTC_d9993.dir/src.cxx.o
/usr/bin/c++     -DCOMPILER_SUPPORTS_CXX11   -std=c++11 -o CMakeFiles/cmTC_d9993.dir/src.cxx.o -c /home/lassegoncz/catkin_ws/build/CMakeFiles/CMakeTmp/src.cxx
Linking CXX executable cmTC_d9993
/usr/bin/cmake -E cmake_link_script CMakeFiles/cmTC_d9993.dir/link.txt --verbose=1
/usr/bin/c++    -DCOMPILER_SUPPORTS_CXX11    CMakeFiles/cmTC_d9993.dir/src.cxx.o  -o cmTC_d9993 -rdynamic 
make[1]: Leaving directory '/home/lassegoncz/catkin_ws/build/CMakeFiles/CMakeTmp'

Source file was:
int main() { return 0; }
The target system is: Linux - 4.15.0-64-generic - x86_64
The host system is: Linux - 4.15.0-66-generic - x86_64
Performing C++ SOURCE FILE Test COMPILER_SUPPORTS_CXX11 succeeded with the following output:
Change Dir: /home/lassegoncz/catkin_ws/build/CMakeFiles/CMakeTmp

Run Build Command:"/usr/bin/make" "cmTC_821b2/fast"
/usr/bin/make -f CMakeFiles/cmTC_821b2.dir/build.make CMakeFiles/cmTC_821b2.dir/build
make[1]: Entering directory '/home/lassegoncz/catkin_ws/build/CMakeFiles/CMakeTmp'
Building CXX object CMakeFiles/cmTC_821b2.dir/src.cxx.o
/usr/bin/c++     -DCOMPILER_SUPPORTS_CXX11   -std=c++11 -o CMakeFiles/cmTC_821b2.dir/src.cxx.o -c /home/lassegoncz/catkin_ws/build/CMakeFiles/CMakeTmp/src.cxx
Linking CXX executable cmTC_821b2
/usr/bin/cmake -E cmake_link_script CMakeFiles/cmTC_821b2.dir/link.txt --verbose=1
/usr/bin/c++    -DCOMPILER_SUPPORTS_CXX11    CMakeFiles/cmTC_821b2.dir/src.cxx.o  -o cmTC_821b2 -rdynamic 
make[1]: Leaving directory '/home/lassegoncz/catkin_ws/build/CMakeFiles/CMakeTmp'

Source file was:
int main() { return 0; }
