Determining if the pthread_create exist failed with the following output:
Change Dir: /home/lassegoncz/catkin_ws/build/CMakeFiles/CMakeTmp

Run Build Command:"/usr/bin/make" "cmTC_14634/fast"
/usr/bin/make -f CMakeFiles/cmTC_14634.dir/build.make CMakeFiles/cmTC_14634.dir/build
make[1]: Entering directory '/home/lassegoncz/catkin_ws/build/CMakeFiles/CMakeTmp'
Building C object CMakeFiles/cmTC_14634.dir/CheckSymbolExists.c.o
/usr/bin/cc     -o CMakeFiles/cmTC_14634.dir/CheckSymbolExists.c.o   -c /home/lassegoncz/catkin_ws/build/CMakeFiles/CMakeTmp/CheckSymbolExists.c
Linking C executable cmTC_14634
/usr/bin/cmake -E cmake_link_script CMakeFiles/cmTC_14634.dir/link.txt --verbose=1
/usr/bin/cc       CMakeFiles/cmTC_14634.dir/CheckSymbolExists.c.o  -o cmTC_14634 -rdynamic 
CMakeFiles/cmTC_14634.dir/CheckSymbolExists.c.o: In function `main':
CheckSymbolExists.c:(.text+0x16): undefined reference to `pthread_create'
collect2: error: ld returned 1 exit status
CMakeFiles/cmTC_14634.dir/build.make:97: recipe for target 'cmTC_14634' failed
make[1]: *** [cmTC_14634] Error 1
make[1]: Leaving directory '/home/lassegoncz/catkin_ws/build/CMakeFiles/CMakeTmp'
Makefile:126: recipe for target 'cmTC_14634/fast' failed
make: *** [cmTC_14634/fast] Error 2

File /home/lassegoncz/catkin_ws/build/CMakeFiles/CMakeTmp/CheckSymbolExists.c:
/* */
#include <pthread.h>

int main(int argc, char** argv)
{
  (void)argv;
#ifndef pthread_create
  return ((int*)(&pthread_create))[argc];
#else
  (void)argc;
  return 0;
#endif
}

Determining if the function pthread_create exists in the pthreads failed with the following output:
Change Dir: /home/lassegoncz/catkin_ws/build/CMakeFiles/CMakeTmp

Run Build Command:"/usr/bin/make" "cmTC_15206/fast"
/usr/bin/make -f CMakeFiles/cmTC_15206.dir/build.make CMakeFiles/cmTC_15206.dir/build
make[1]: Entering directory '/home/lassegoncz/catkin_ws/build/CMakeFiles/CMakeTmp'
Building C object CMakeFiles/cmTC_15206.dir/CheckFunctionExists.c.o
/usr/bin/cc    -DCHECK_FUNCTION_EXISTS=pthread_create   -o CMakeFiles/cmTC_15206.dir/CheckFunctionExists.c.o   -c /usr/share/cmake-3.5/Modules/CheckFunctionExists.c
Linking C executable cmTC_15206
/usr/bin/cmake -E cmake_link_script CMakeFiles/cmTC_15206.dir/link.txt --verbose=1
/usr/bin/cc   -DCHECK_FUNCTION_EXISTS=pthread_create    CMakeFiles/cmTC_15206.dir/CheckFunctionExists.c.o  -o cmTC_15206 -rdynamic -lpthreads 
/usr/bin/ld: cannot find -lpthreads
collect2: error: ld returned 1 exit status
CMakeFiles/cmTC_15206.dir/build.make:97: recipe for target 'cmTC_15206' failed
make[1]: *** [cmTC_15206] Error 1
make[1]: Leaving directory '/home/lassegoncz/catkin_ws/build/CMakeFiles/CMakeTmp'
Makefile:126: recipe for target 'cmTC_15206/fast' failed
make: *** [cmTC_15206/fast] Error 2


Determining if the include file pgm.h exists failed with the following output:
Change Dir: /home/lassegoncz/catkin_ws/build/CMakeFiles/CMakeTmp

Run Build Command:"/usr/bin/make" "cmTC_2fd36/fast"
make[1]: Entering directory '/home/lassegoncz/catkin_ws/build/CMakeFiles/CMakeTmp'
/usr/bin/make -f CMakeFiles/cmTC_2fd36.dir/build.make CMakeFiles/cmTC_2fd36.dir/build
make[2]: Entering directory '/home/lassegoncz/catkin_ws/build/CMakeFiles/CMakeTmp'
Building CXX object CMakeFiles/cmTC_2fd36.dir/CheckIncludeFile.cxx.o
/usr/bin/c++      -o CMakeFiles/cmTC_2fd36.dir/CheckIncludeFile.cxx.o -c /home/lassegoncz/catkin_ws/build/CMakeFiles/CMakeTmp/CheckIncludeFile.cxx
/home/lassegoncz/catkin_ws/build/CMakeFiles/CMakeTmp/CheckIncludeFile.cxx:1:17: fatal error: pgm.h: No such file or directory
compilation terminated.
CMakeFiles/cmTC_2fd36.dir/build.make:65: recipe for target 'CMakeFiles/cmTC_2fd36.dir/CheckIncludeFile.cxx.o' failed
make[2]: *** [CMakeFiles/cmTC_2fd36.dir/CheckIncludeFile.cxx.o] Error 1
make[2]: Leaving directory '/home/lassegoncz/catkin_ws/build/CMakeFiles/CMakeTmp'
Makefile:126: recipe for target 'cmTC_2fd36/fast' failed
make[1]: *** [cmTC_2fd36/fast] Error 2
make[1]: Leaving directory '/home/lassegoncz/catkin_ws/build/CMakeFiles/CMakeTmp'


